2022-12-21 21:24:21,718 [INFO] Activator:179 - 


2022-12-21 21:24:21,719 [INFO] Activator:180 - !SESSION log4j initialized
2022-12-21 21:24:33,747 [INFO] McuFinderGlobals:52 - Set McuFinder mode to 2 (CubeIDE integrated)
2022-12-21 21:24:33,818 [INFO] ApplicationProperties:181 - Using Application install path: /opt/st/stm32cubeide_1.11.0/plugins/com.st.stm32cube.common.mx_6.7.0.202211181646
2022-12-21 21:24:33,830 [INFO] DbMcusXml:77 - Set database path to: /opt/st/stm32cubeide_1.11.0/plugins/com.st.stm32cube.common.mx_6.7.0.202211181646//db//mcu/
2022-12-21 21:24:33,830 [INFO] ApiDb:273 - Set plugin database path to: /opt/st/stm32cubeide_1.11.0/plugins/com.st.stm32cube.common.mx_6.7.0.202211181646//db//plugins/boardmanager/
2022-12-21 21:24:33,832 [WARN] ApiDb:258 - Overriding images path with different value:  => /opt/st/stm32cubeide_1.11.0/plugins/com.st.stm32cube.common.mx_6.7.0.202211181646//db//plugins/mcufinder/images/
2022-12-21 21:24:33,841 [INFO] ApiDb:249 - Set database path to: /home/vishnu/.stmcufinder/plugins/mcufinder//mcu/
2022-12-21 21:24:33,842 [INFO] DbMcusAds:124 - Set database path to: /home/vishnu/.stmcufinder/plugins/mcufinder//mcu/
2022-12-21 21:24:33,944 [INFO] CrossReferenceDbSqlite:202 - Set database path to: /home/vishnu/.stmcufinder/plugins/mcufinder//mcu/cs/
2022-12-21 21:24:34,011 [INFO] RulesReader:61 - Compatibility file has been processed (283 Rules)
2022-12-21 21:24:34,046 [INFO] DbMcusXml:77 - Set database path to: /opt/st/stm32cubeide_1.11.0/plugins/com.st.stm32cube.common.mx_6.7.0.202211181646//db//mcu/
2022-12-21 21:24:34,046 [INFO] ApiDb:273 - Set plugin database path to: /opt/st/stm32cubeide_1.11.0/plugins/com.st.stm32cube.common.mx_6.7.0.202211181646//db//plugins/boardmanager/
2022-12-21 21:24:34,046 [INFO] ApiDb:260 - Set plugin images path to: /opt/st/stm32cubeide_1.11.0/plugins/com.st.stm32cube.common.mx_6.7.0.202211181646//db//plugins/mcufinder/images/
2022-12-21 21:24:34,047 [WARN] DbFile:40 - Overriding database path with different value: /home/vishnu/.stmcufinder/plugins/mcufinder/ => /home/vishnu/.stmcufinder/plugins/mcufinder
2022-12-21 21:24:34,047 [INFO] ApiDb:249 - Set database path to: /home/vishnu/.stmcufinder/plugins/mcufinder//mcu/
2022-12-21 21:24:34,047 [WARN] DbFile:40 - Overriding database path with different value: /home/vishnu/.stmcufinder/plugins/mcufinder/ => /home/vishnu/.stmcufinder/plugins/mcufinder
2022-12-21 21:24:34,047 [INFO] DbMcusAds:124 - Set database path to: /home/vishnu/.stmcufinder/plugins/mcufinder//mcu/
2022-12-21 21:24:34,047 [WARN] DbFile:40 - Overriding database path with different value: /home/vishnu/.stmcufinder/plugins/mcufinder/ => /home/vishnu/.stmcufinder/plugins/mcufinder
2022-12-21 21:24:34,047 [WARN] DbFile:40 - Overriding database path with different value: /home/vishnu/.stmcufinder/plugins/mcufinder/ => /home/vishnu/.stmcufinder/plugins/mcufinder
2022-12-21 21:24:34,047 [INFO] CrossReferenceDbSqlite:202 - Set database path to: /home/vishnu/.stmcufinder/plugins/mcufinder//mcu/cs/
2022-12-21 21:24:34,085 [INFO] MainPanel:252 - HeapMemory: 268435456
2022-12-21 21:24:34,137 [INFO] DbMcusXml:77 - Set database path to: /opt/st/stm32cubeide_1.11.0/plugins/com.st.stm32cube.common.mx_6.7.0.202211181646//db//mcu/
2022-12-21 21:24:34,137 [INFO] ApiDb:273 - Set plugin database path to: /opt/st/stm32cubeide_1.11.0/plugins/com.st.stm32cube.common.mx_6.7.0.202211181646//db//plugins/boardmanager/
2022-12-21 21:24:34,137 [INFO] ApiDb:260 - Set plugin images path to: /opt/st/stm32cubeide_1.11.0/plugins/com.st.stm32cube.common.mx_6.7.0.202211181646//db//plugins/mcufinder/images/
2022-12-21 21:24:34,137 [WARN] DbFile:40 - Overriding database path with different value: /home/vishnu/.stmcufinder/plugins/mcufinder/ => /home/vishnu/.stmcufinder/plugins/mcufinder
2022-12-21 21:24:34,137 [INFO] ApiDb:249 - Set database path to: /home/vishnu/.stmcufinder/plugins/mcufinder//mcu/
2022-12-21 21:24:34,137 [WARN] DbFile:40 - Overriding database path with different value: /home/vishnu/.stmcufinder/plugins/mcufinder/ => /home/vishnu/.stmcufinder/plugins/mcufinder
2022-12-21 21:24:34,137 [INFO] DbMcusAds:124 - Set database path to: /home/vishnu/.stmcufinder/plugins/mcufinder//mcu/
2022-12-21 21:24:34,137 [WARN] DbFile:40 - Overriding database path with different value: /home/vishnu/.stmcufinder/plugins/mcufinder/ => /home/vishnu/.stmcufinder/plugins/mcufinder
2022-12-21 21:24:34,138 [WARN] DbFile:40 - Overriding database path with different value: /home/vishnu/.stmcufinder/plugins/mcufinder/ => /home/vishnu/.stmcufinder/plugins/mcufinder
2022-12-21 21:24:34,138 [INFO] CrossReferenceDbSqlite:202 - Set database path to: /home/vishnu/.stmcufinder/plugins/mcufinder//mcu/cs/
2022-12-21 21:24:34,148 [INFO] ApplicationProperties:181 - Using Application install path: /opt/st/stm32cubeide_1.11.0/plugins/com.st.stm32cube.common.mx_6.7.0.202211181646
2022-12-21 21:24:34,149 [INFO] PluginManage:193 - Search for loadable plugins [exclusion list=, ]
2022-12-21 21:24:34,150 [INFO] PluginManage:307 - Check plugin analytics
2022-12-21 21:24:34,228 [INFO] AnalyticsPlugin:262 - Accepted Software Licenses: 
2022-12-21 21:24:34,228 [INFO] AnalyticsPlugin:264 - Accepted CMSIS Pack Licenses: 
2022-12-21 21:24:34,228 [INFO] AnalyticsPlugin:266 - Accepted Firmware Licenses: 
2022-12-21 21:24:34,233 [INFO] PluginManage:356 - Loaded plugin analytics (category:tool,tabindex:-1)
2022-12-21 21:24:34,233 [INFO] PluginManage:307 - Check plugin cadmodel
2022-12-21 21:24:34,257 [INFO] CADModel:104 - Init CAD model plugin
2022-12-21 21:24:34,257 [INFO] PluginManage:356 - Loaded plugin cadmodel (category:power,tabindex:5)
2022-12-21 21:24:34,257 [INFO] PluginManage:307 - Check plugin clock
2022-12-21 21:24:34,263 [INFO] PluginManage:356 - Loaded plugin clock (category:base,tabindex:2)
2022-12-21 21:24:34,263 [INFO] PluginManage:307 - Check plugin ddr
2022-12-21 21:24:34,265 [INFO] PluginManage:356 - Loaded plugin ddr (category:tool,tabindex:6)
2022-12-21 21:24:34,265 [INFO] PluginManage:307 - Check plugin filemanager
2022-12-21 21:24:34,351 [INFO] PluginManage:356 - Loaded plugin filemanager (category:base,tabindex:10)
2022-12-21 21:24:34,352 [INFO] PluginManage:307 - Check plugin ipmanager
2022-12-21 21:24:34,356 [INFO] PluginManage:356 - Loaded plugin ipmanager (category:base,tabindex:5)
2022-12-21 21:24:34,356 [INFO] PluginManage:307 - Check plugin lpbam
2022-12-21 21:24:34,362 [INFO] PluginManage:356 - Loaded plugin lpbam (category:base,tabindex:0)
2022-12-21 21:24:34,362 [INFO] PluginManage:307 - Check plugin pinoutandconfiguration
2022-12-21 21:24:34,367 [INFO] PluginManage:356 - Loaded plugin pinoutandconfiguration (category:base,tabindex:1)
2022-12-21 21:24:34,367 [INFO] PluginManage:307 - Check plugin pinoutconfig
2022-12-21 21:24:34,384 [INFO] PluginManage:356 - Loaded plugin pinoutconfig (category:base,tabindex:0)
2022-12-21 21:24:34,385 [INFO] PluginManage:307 - Check plugin power
2022-12-21 21:24:34,391 [INFO] PluginManage:356 - Loaded plugin power (category:power,tabindex:4)
2022-12-21 21:24:34,391 [INFO] PluginManage:307 - Check plugin projectmanager
2022-12-21 21:24:34,400 [INFO] PluginManage:356 - Loaded plugin projectmanager (category:projectmanager,tabindex:3)
2022-12-21 21:24:34,400 [INFO] PluginManage:307 - Check plugin thirdparty
2022-12-21 21:24:34,470 [WARN] IntegrityCheckThread:82 - waiting for thirdparty lock release [integrity check]
2022-12-21 21:24:34,471 [INFO] PluginManage:356 - Loaded plugin thirdparty (category:base,tabindex:-1)
2022-12-21 21:24:34,471 [INFO] IntegrityCheckThread:84 - entering critical section [integrity check]
2022-12-21 21:24:34,471 [INFO] PluginManage:307 - Check plugin tools
2022-12-21 21:24:34,473 [INFO] ThirdPartyUpdaterWithRetryManager:70 - Updater plugin not ready yet. [1/15]
2022-12-21 21:24:34,473 [INFO] PluginManage:356 - Loaded plugin tools (category:base,tabindex:7)
2022-12-21 21:24:34,473 [INFO] PluginManage:307 - Check plugin tutovideos
2022-12-21 21:24:34,639 [INFO] PluginManage:356 - Loaded plugin tutovideos (category:base,tabindex:-1)
2022-12-21 21:24:34,640 [INFO] PluginManage:307 - Check plugin updater
2022-12-21 21:24:34,652 [INFO] PluginManage:356 - Loaded plugin updater (category:base,tabindex:12)
2022-12-21 21:24:34,652 [INFO] PluginManage:280 - PluginManage : Loaded plugins [15]
2022-12-21 21:24:34,800 [INFO] PinOutPanel:1477 - setPackage(No Configuration,No Configuration)
2022-12-21 21:24:34,836 [INFO] CADModel:164 - CPN selected for project level
2022-12-21 21:24:34,837 [INFO] CADModel:113 - Register for checkConnection events
2022-12-21 21:24:34,844 [INFO] IPUIPlugin:79 - create IPUIPlugin
2022-12-21 21:24:34,844 [INFO] PluginManager:219 - loadIPPluginJar : add fatfs
2022-12-21 21:24:34,849 [INFO] IPUIPlugin:79 - create IPUIPlugin
2022-12-21 21:24:34,849 [INFO] PluginManager:219 - loadIPPluginJar : add mdma
2022-12-21 21:24:34,850 [INFO] IPUIPlugin:79 - create IPUIPlugin
2022-12-21 21:24:34,851 [INFO] PluginManager:219 - loadIPPluginJar : add dma3
2022-12-21 21:24:34,857 [INFO] IPUIPlugin:79 - create IPUIPlugin
2022-12-21 21:24:34,857 [INFO] PluginManager:219 - loadIPPluginJar : add adc
2022-12-21 21:24:34,859 [INFO] IPUIPlugin:79 - create IPUIPlugin
2022-12-21 21:24:34,860 [INFO] PluginManager:219 - loadIPPluginJar : add resmgrutility
2022-12-21 21:24:34,861 [INFO] IPUIPlugin:79 - create IPUIPlugin
2022-12-21 21:24:34,861 [INFO] PluginManager:219 - loadIPPluginJar : add cryp
2022-12-21 21:24:34,862 [INFO] IPUIPlugin:79 - create IPUIPlugin
2022-12-21 21:24:34,862 [INFO] PluginManager:219 - loadIPPluginJar : add tsc
2022-12-21 21:24:34,864 [INFO] IPUIPlugin:79 - create IPUIPlugin
2022-12-21 21:24:34,864 [INFO] PluginManager:219 - loadIPPluginJar : add ts
2022-12-21 21:24:34,864 [INFO] IPUIPlugin:79 - create IPUIPlugin
2022-12-21 21:24:34,865 [INFO] PluginManager:219 - loadIPPluginJar : add genericplugin
2022-12-21 21:24:34,866 [INFO] IPUIPlugin:79 - create IPUIPlugin
2022-12-21 21:24:34,866 [INFO] PluginManager:219 - loadIPPluginJar : add spi
2022-12-21 21:24:34,870 [INFO] IPUIPlugin:79 - create IPUIPlugin
2022-12-21 21:24:34,870 [INFO] PluginManager:219 - loadIPPluginJar : add dma
2022-12-21 21:24:34,872 [INFO] IPUIPlugin:79 - create IPUIPlugin
2022-12-21 21:24:34,872 [INFO] PluginManager:219 - loadIPPluginJar : add gtzc
2022-12-21 21:24:34,873 [INFO] IPUIPlugin:79 - create IPUIPlugin
2022-12-21 21:24:34,873 [INFO] PluginManager:219 - loadIPPluginJar : add comp
2022-12-21 21:24:34,874 [INFO] IPUIPlugin:79 - create IPUIPlugin
2022-12-21 21:24:34,874 [INFO] PluginManager:219 - loadIPPluginJar : add tim
2022-12-21 21:24:34,875 [INFO] IPUIPlugin:79 - create IPUIPlugin
2022-12-21 21:24:34,875 [INFO] PluginManager:219 - loadIPPluginJar : add tracer_emb
2022-12-21 21:24:34,877 [INFO] IPUIPlugin:79 - create IPUIPlugin
2022-12-21 21:24:34,878 [INFO] PluginManager:219 - loadIPPluginJar : add gpio
2022-12-21 21:24:34,879 [INFO] IPUIPlugin:79 - create IPUIPlugin
2022-12-21 21:24:34,879 [INFO] PluginManager:219 - loadIPPluginJar : add touchsensing
2022-12-21 21:24:34,882 [INFO] IPUIPlugin:79 - create IPUIPlugin
2022-12-21 21:24:34,882 [INFO] PluginManager:219 - loadIPPluginJar : add fmc
2022-12-21 21:24:34,883 [INFO] IPUIPlugin:79 - create IPUIPlugin
2022-12-21 21:24:34,884 [INFO] PluginManager:219 - loadIPPluginJar : add openamp
2022-12-21 21:24:34,885 [INFO] IPUIPlugin:79 - create IPUIPlugin
2022-12-21 21:24:34,885 [INFO] PluginManager:219 - loadIPPluginJar : add opamp
2022-12-21 21:24:34,888 [INFO] IPUIPlugin:79 - create IPUIPlugin
2022-12-21 21:24:34,888 [INFO] PluginManager:219 - loadIPPluginJar : add nvic
2022-12-21 21:24:34,893 [INFO] IPUIPlugin:79 - create IPUIPlugin
2022-12-21 21:24:34,893 [INFO] PluginManager:219 - loadIPPluginJar : add linkedlist
2022-12-21 21:24:34,895 [INFO] IPUIPlugin:79 - create IPUIPlugin
2022-12-21 21:24:34,895 [INFO] PluginManager:219 - loadIPPluginJar : add usart
2022-12-21 21:24:34,897 [INFO] IPUIPlugin:79 - create IPUIPlugin
2022-12-21 21:24:34,897 [INFO] PluginManager:219 - loadIPPluginJar : add stm32_wpan
2022-12-21 21:24:34,899 [INFO] IPUIPlugin:79 - create IPUIPlugin
2022-12-21 21:24:34,899 [INFO] PluginManager:219 - loadIPPluginJar : add hash
2022-12-21 21:24:34,903 [INFO] IPUIPlugin:79 - create IPUIPlugin
2022-12-21 21:24:34,905 [INFO] PluginManager:219 - loadIPPluginJar : add plateformsettings
2022-12-21 21:24:34,907 [INFO] IPUIPlugin:79 - create IPUIPlugin
2022-12-21 21:24:34,907 [INFO] PluginManager:219 - loadIPPluginJar : add can
2022-12-21 21:24:34,909 [INFO] IPUIPlugin:79 - create IPUIPlugin
2022-12-21 21:24:34,909 [INFO] PluginManager:219 - loadIPPluginJar : add ucpd
2022-12-21 21:24:34,910 [INFO] IPUIPlugin:79 - create IPUIPlugin
2022-12-21 21:24:34,910 [INFO] PluginManager:219 - loadIPPluginJar : add sai
2022-12-21 21:24:34,911 [INFO] IPUIPlugin:79 - create IPUIPlugin
2022-12-21 21:24:34,912 [INFO] PluginManager:219 - loadIPPluginJar : add dfsdm
2022-12-21 21:24:34,913 [INFO] IPUIPlugin:79 - create IPUIPlugin
2022-12-21 21:24:34,913 [INFO] PluginManager:219 - loadIPPluginJar : add i2s
2022-12-21 21:24:34,913 [INFO] IPUIPlugin:79 - create IPUIPlugin
2022-12-21 21:24:34,913 [INFO] PluginManager:219 - loadIPPluginJar : add ltdc
2022-12-21 21:24:34,914 [INFO] IPUIPlugin:79 - create IPUIPlugin
2022-12-21 21:24:34,915 [INFO] PluginManager:219 - loadIPPluginJar : add gfxmmu
2022-12-21 21:24:34,916 [INFO] IPUIPlugin:79 - create IPUIPlugin
2022-12-21 21:24:34,916 [INFO] PluginManager:219 - loadIPPluginJar : add i2c
2022-12-21 21:24:34,919 [INFO] IPUIPlugin:79 - create IPUIPlugin
2022-12-21 21:24:34,919 [INFO] PluginManager:219 - loadIPPluginJar : add gic
2022-12-21 21:24:34,921 [INFO] IPUIPlugin:79 - create IPUIPlugin
2022-12-21 21:24:34,921 [INFO] PluginManager:219 - loadIPPluginJar : add usbx
2022-12-21 21:24:34,922 [INFO] IPUIPlugin:79 - create IPUIPlugin
2022-12-21 21:24:34,922 [INFO] PluginManager:219 - loadIPPluginJar : add quadspi
2022-12-21 21:24:34,923 [INFO] IPUIPlugin:79 - create IPUIPlugin
2022-12-21 21:24:34,923 [INFO] PluginManager:219 - loadIPPluginJar : add lorawan
2022-12-21 21:24:34,925 [INFO] IPUIPlugin:79 - create IPUIPlugin
2022-12-21 21:24:34,925 [INFO] PluginManager:219 - loadIPPluginJar : add ipddr
2022-12-21 21:24:34,927 [INFO] IPUIPlugin:79 - create IPUIPlugin
2022-12-21 21:24:34,927 [INFO] PluginManager:219 - loadIPPluginJar : add pdm2pcm
2022-12-21 21:24:34,928 [INFO] IPUIPlugin:79 - create IPUIPlugin
2022-12-21 21:24:34,928 [INFO] PluginManager:219 - loadIPPluginJar : add aes
2022-12-21 21:24:34,932 [INFO] IPUIPlugin:79 - create IPUIPlugin
2022-12-21 21:24:34,932 [INFO] PluginManager:219 - loadIPPluginJar : add freertos
2022-12-21 21:24:35,025 [INFO] CADModel:164 - CPN selected for project level
2022-12-21 21:24:35,025 [INFO] CADModel:113 - Register for checkConnection events
2022-12-21 21:24:35,026 [FATAL] Updater:308 - Updater called before beeing initialized
2022-12-21 21:24:35,026 [ERROR] CADModel:124 - Updater not yet initialized, retry later 
2022-12-21 21:24:35,118 [INFO] CADModel:164 - CPN selected for project level
2022-12-21 21:24:35,118 [INFO] CADModel:113 - Register for checkConnection events
2022-12-21 21:24:35,118 [FATAL] Updater:308 - Updater called before beeing initialized
2022-12-21 21:24:35,118 [ERROR] CADModel:124 - Updater not yet initialized, retry later 
2022-12-21 21:24:35,120 [FATAL] Updater:308 - Updater called before beeing initialized
2022-12-21 21:24:35,169 [FATAL] Updater:308 - Updater called before beeing initialized
2022-12-21 21:24:35,174 [INFO] DbMcusAds:52 - JSON generation date=Thu Sep 30 08:55:09 CEST 2021 (1632984909377)
2022-12-21 21:24:35,174 [FATAL] Updater:308 - Updater called before beeing initialized
2022-12-21 21:24:35,199 [WARN] DetailPanel:344 - Failed to get advertising image, set to default
2022-12-21 21:24:35,276 [FATAL] Updater:308 - Updater called before beeing initialized
2022-12-21 21:24:35,278 [FATAL] Updater:308 - Updater called before beeing initialized
2022-12-21 21:24:35,278 [FATAL] Updater:308 - Updater called before beeing initialized
2022-12-21 21:24:35,278 [WARN] DetailPanel:344 - Failed to get advertising image, set to default
2022-12-21 21:24:35,279 [FATAL] Updater:308 - Updater called before beeing initialized
2022-12-21 21:24:35,298 [ERROR] Updater:1120 - MainUpdater not yet initialized. External WinMGr cannot be set.
2022-12-21 21:24:35,299 [INFO] Updater:1056 - Updater Version found : 6.7.0
2022-12-21 21:24:35,311 [INFO] ApplicationProperties:181 - Using Application install path: /opt/st/stm32cubeide_1.11.0/plugins/com.st.stm32cube.common.mx_6.7.0.202211181646
2022-12-21 21:24:35,587 [INFO] MainUpdater:2800 - connection check result : 10
2022-12-21 21:24:35,588 [INFO] MainUpdater:282 - Updater Check For Update Now.
2022-12-21 21:24:35,588 [INFO] MicroXplorer:481 - Change Database Version : DB.6.0.70
2022-12-21 21:24:35,731 [INFO] CheckServerUpdateThread:119 - End of CheckServer Thread
2022-12-21 21:24:35,801 [INFO] MainUpdater:2800 - connection check result : 10
2022-12-21 21:24:35,998 [INFO] ApiDb:580 - Connected to CubeFinder SQLite database (/home/vishnu/.stmcufinder/plugins/mcufinder/mcu/cube-finder-db.db)
2022-12-21 21:24:36,028 [INFO] ApiDb:667 - CubeFinder database Data Model version=2.1
2022-12-21 21:24:36,028 [INFO] ApiDb:668 - CubeFinder database Configuration version=3.0.35
2022-12-21 21:24:36,029 [INFO] ApiDb:669 - CubeFinder database generation date=2022-12-01 (1669903473)
2022-12-21 21:24:36,029 [INFO] ApiDb:670 - CubeFinder database FW Pack versions=[FP-ATR-ASTRA1_V1.1.1, STM32Cube_FW_C0_V1.0.0, STM32Cube_FW_F4_V1.27.1, STM32Cube_FW_F7_V1.17.0, STM32Cube_FW_G0_V1.6.1, STM32Cube_FW_G4_V1.5.0, STM32Cube_FW_H5_V0.5.1, STM32Cube_FW_H7_V1.11.0, STM32Cube_FW_L5_V1.5.0, STM32Cube_FW_U5_V1.1.1, STM32Cube_FW_WBA_V0.2.0, STM32Cube_FW_WB_V1.15.0, STM32Cube_FW_WB_V1.15.0RC1, STM32Cube_FW_WL_V1.3.0, X-CUBE-ALGOBUILD_V1.3.0, X-CUBE-ALS_V1.0.1, X-CUBE-AZRTOS-F4_V1.1.0, X-CUBE-AZRTOS-F7_V1.1.0, X-CUBE-AZRTOS-G0_V1.1.0, X-CUBE-AZRTOS-G4_V1.0.0, X-CUBE-AZRTOS-H7_V2.1.0, X-CUBE-AZRTOS-L4_V1.0.0, X-CUBE-AZRTOS-L5_V1.0.0, X-CUBE-AZRTOS-WL_V1.0.0, X-CUBE-BLE1_V6.2.4, X-CUBE-BLE2_V3.3.0, X-CUBE-BLEMGR_V1.3.0, X-CUBE-EEPRMA1_V3.1.1, X-CUBE-GNSS1_V6.0.0, X-CUBE-MEMS1_V9.1.0, X-CUBE-MEMS1_V9.3.0, X-CUBE-NFC4_V2.0.5, X-CUBE-NFC7_V1.0.0, X-CUBE-SFXS2LP1_V4.0.0, X-CUBE-SUBG2_V5.0.0]
2022-12-21 21:24:37,278 [INFO] ApiDb:239 - Found 143 in-development CPN: [B-WB1M-WPAN1, B-WL5M-SUBG1, NUCLEO-C031C6, STEVAL-PROTEUS1, STEVAL-STWINBX1, STM320518-EVAL, STM32C0116-DK, STM32C011D6Y3TR, STM32C011D6Y6TR, STM32C011F4P3, STM32C011F4P6, STM32C011F4U3, STM32C011F4U6TR, STM32C011F6P3, STM32C011F6P6, STM32C011F6U3, STM32C011F6U6TR, STM32C011J4M3, STM32C011J4M6, STM32C011J6M3, STM32C011J6M6, STM32C0316-DK, STM32C031C4T3, STM32C031C4T6, STM32C031C4U3, STM32C031C4U6, STM32C031C6T3, STM32C031C6T6, STM32C031C6U3, STM32C031C6U6, STM32C031F4P3, STM32C031F4P6, STM32C031F6P3, STM32C031F6P6, STM32C031G4U3, STM32C031G4U6, STM32C031G6U3, STM32C031G6U6, STM32C031K4T3, STM32C031K4T6, STM32C031K4U3, STM32C031K4U6, STM32C031K6T3, STM32C031K6T6, STM32C031K6U3, STM32C031K6U6, STM32G071K8TXN, STM32G071K8UXN, STM32G081GBU6N, STM32G081KBT6N, STM32G081KBUXN, STM32G0B1CCT6N, STM32G0B1KCT6, STM32G0B1NEY6TR, STM32G0B1RCT6N, STM32G0C1CCT6, STM32G0C1CCT6N, STM32G0C1CCU6N, STM32G0C1CET6N, STM32G0C1CEU6N, STM32G0C1KCT6, STM32G0C1NEY6TR, STM32G0C1RCI6N, STM32G0C1RCT6N, STM32G0C1REI6N, STM32G0C1RET6N, STM32G0C1VCI6, STM32G0C1VEI6, STM32G471CCT6, STM32G471CCU6, STM32G471CET3, STM32G471CET6, STM32G471CEU3, STM32G471CEU6, STM32G471MCT6, STM32G471MET3, STM32G471MET6, STM32G471MEY6TR, STM32G471QCT6, STM32G471QET3, STM32G471RCT6, STM32G471RET3, STM32G471RET6, STM32G471VCH6, STM32G471VCI6, STM32G471VCT6, STM32G471VEH3, STM32G471VEH6, STM32G471VEI3, STM32G471VEI6, STM32G471VET3, STM32G471VET6, STM32G474CCT6, STM32L476VGY6PTR, STM32L4R5QGI6STR, STM32MP131AAE3, STM32MP131AAF3, STM32MP131AAG3, STM32MP131CAE3, STM32MP131CAF3, STM32MP131CAG3, STM32MP131DAE7, STM32MP131DAF7, STM32MP131DAG7, STM32MP131FAE7, STM32MP131FAF7, STM32MP131FAG7, STM32MP133AAE3, STM32MP133AAF3, STM32MP133AAG3, STM32MP133CAE3, STM32MP133CAF3, STM32MP133CAG3, STM32MP133DAE7, STM32MP133DAF7, STM32MP133DAG7, STM32MP133FAE7, STM32MP133FAF7, STM32MP133FAG7, STM32MP135AAE3, STM32MP135AAF3, STM32MP135AAG3, STM32MP135CAE3, STM32MP135CAF3, STM32MP135CAG3, STM32MP135DAE7, STM32MP135DAF7, STM32MP135DAG7, STM32MP135F-DK, STM32MP135FAE7, STM32MP135FAF7, STM32MP135FAF7T, STM32MP135FAF7U, STM32MP135FAG7, STM32U595ZJT6Q, STM32U599BJY6QTR, STM32U599NIH6Q, STM32U599NJH6Q, STM32U5A5ZJT6Q, STM32U5A9BJY6QTR, STM32U5A9NJH6Q, STM32WB1MMCH6, STM32WL5MOCH6TR]
2022-12-21 21:24:37,281 [INFO] DbMcus:215 - Found 3582 MCUs, 3582 are supported
2022-12-21 21:24:37,282 [INFO] ApiDb:422 - Load user favorites file /home/vishnu/.stm32cubeide/favorites.mcus.txt: 0 item(s)
2022-12-21 21:24:37,283 [INFO] ApiDb:426 - User favorites MCUs=[]
2022-12-21 21:24:37,283 [INFO] DbMcus:221 - Set 0 / 0 favorites MCUs
2022-12-21 21:24:37,392 [INFO] McuFinderGlobals:65 - Set McuFinderConnectedMode to true
2022-12-21 21:24:37,407 [INFO] MultiScanPanel:196 - Auto-refresh data requested => check proxy status ongoing
2022-12-21 21:24:37,408 [INFO] FinderPluginLoader:92 - Searching for filters in installed packs
2022-12-21 21:24:37,544 [WARN] PackLoader:242 - Cannot read IP mode file for STMicroelectronics.X-CUBE-GNSS1.6.0.0
2022-12-21 21:24:37,577 [WARN] PackLoader:242 - Cannot read IP mode file for STMicroelectronics.X-CUBE-AZRTOS-F4.1.1.0
2022-12-21 21:24:37,604 [WARN] PackLoader:242 - Cannot read IP mode file for STMicroelectronics.X-CUBE-AZRTOS-F7.1.1.0
2022-12-21 21:24:37,626 [WARN] PackLoader:242 - Cannot read IP mode file for STMicroelectronics.X-CUBE-BLE1.6.2.4
2022-12-21 21:24:37,631 [WARN] PackLoader:242 - Cannot read IP mode file for STMicroelectronics.X-CUBE-NFC4.2.0.5
2022-12-21 21:24:37,637 [WARN] PackLoader:242 - Cannot read IP mode file for STMicroelectronics.X-CUBE-NFC7.1.0.0
2022-12-21 21:24:37,644 [WARN] PackLoader:242 - Cannot read IP mode file for STMicroelectronics.X-CUBE-SFXS2LP1.4.0.0
2022-12-21 21:24:37,648 [WARN] PackLoader:242 - Cannot read IP mode file for STMicroelectronics.X-CUBE-BLE2.3.3.0
2022-12-21 21:24:37,655 [WARN] PackLoader:242 - Cannot read IP mode file for STMicroelectronics.X-CUBE-DISPLAY.2.2.0
2022-12-21 21:24:37,670 [WARN] PackLoader:242 - Cannot read IP mode file for STMicroelectronics.X-CUBE-TOF1.3.2.0
2022-12-21 21:24:37,682 [WARN] PackLoader:242 - Cannot read IP mode file for STMicroelectronics.X-CUBE-ISPU.1.1.0
2022-12-21 21:24:37,688 [WARN] PackLoader:242 - Cannot read IP mode file for RoweBots.I-CUBE-UNISONRTOS.5.5.0-4
2022-12-21 21:24:37,692 [WARN] PackLoader:242 - Cannot read IP mode file for STMicroelectronics.X-CUBE-AI.7.3.0
2022-12-21 21:24:37,697 [WARN] PackLoader:242 - Cannot read IP mode file for STMicroelectronics.X-CUBE-ALGOBUILD.1.3.0
2022-12-21 21:24:37,714 [WARN] PackLoader:242 - Cannot read IP mode file for STMicroelectronics.X-CUBE-AZRTOS-G0.1.1.0
2022-12-21 21:24:37,726 [WARN] PackLoader:242 - Cannot read IP mode file for STMicroelectronics.X-CUBE-SUBG2.5.0.0
2022-12-21 21:24:37,735 [WARN] PackLoader:242 - Cannot read IP mode file for STMicroelectronics.FP-ATR-ASTRA1.1.1.1
2022-12-21 21:24:37,747 [WARN] PackLoader:242 - Cannot read IP mode file for STMicroelectronics.X-CUBE-AZRTOS-G4.1.0.0
2022-12-21 21:24:37,752 [WARN] PackLoader:242 - Cannot read IP mode file for STMicroelectronics.FP-ATR-SIGFOX1.3.2.0
2022-12-21 21:24:37,766 [WARN] PackLoader:242 - Cannot read IP mode file for STMicroelectronics.X-CUBE-AZRTOS-L4.1.0.0
2022-12-21 21:24:37,779 [WARN] PackLoader:242 - Cannot read IP mode file for STMicroelectronics.X-CUBE-AZRTOS-WL.1.0.0
2022-12-21 21:24:37,783 [WARN] PackLoader:242 - Cannot read IP mode file for STMicroelectronics.X-CUBE-ALS.1.0.1
2022-12-21 21:24:37,785 [INFO] ThirdParty:947 - Integrity check success = true
2022-12-21 21:24:37,785 [INFO] IntegrityCheckThread:98 - exiting critical section [integrity check]
2022-12-21 21:24:37,785 [INFO] IntegrityCheckThread:101 - End integrity checks thread
2022-12-21 21:24:38,440 [INFO] LoadUrlFilesThread:179 - End of LoadServerUrlFiles without Thread
2022-12-21 21:24:38,469 [INFO] DetailPanel:339 - Set advertising image to /home/vishnu/STM32Cube/Repository//en.Prom_NBSTM32U50921.jpg
2022-12-21 21:24:38,937 [INFO] ApiDb:667 - CubeFinder database Data Model version=2.1
2022-12-21 21:24:38,938 [INFO] ApiDb:668 - CubeFinder database Configuration version=3.0.35
2022-12-21 21:24:38,938 [INFO] ApiDb:669 - CubeFinder database generation date=2022-12-01 (1669903473)
2022-12-21 21:24:38,946 [INFO] ApiDb:670 - CubeFinder database FW Pack versions=[FP-ATR-ASTRA1_V1.1.1, STM32Cube_FW_C0_V1.0.0, STM32Cube_FW_F4_V1.27.1, STM32Cube_FW_F7_V1.17.0, STM32Cube_FW_G0_V1.6.1, STM32Cube_FW_G4_V1.5.0, STM32Cube_FW_H5_V0.5.1, STM32Cube_FW_H7_V1.11.0, STM32Cube_FW_L5_V1.5.0, STM32Cube_FW_U5_V1.1.1, STM32Cube_FW_WBA_V0.2.0, STM32Cube_FW_WB_V1.15.0, STM32Cube_FW_WB_V1.15.0RC1, STM32Cube_FW_WL_V1.3.0, X-CUBE-ALGOBUILD_V1.3.0, X-CUBE-ALS_V1.0.1, X-CUBE-AZRTOS-F4_V1.1.0, X-CUBE-AZRTOS-F7_V1.1.0, X-CUBE-AZRTOS-G0_V1.1.0, X-CUBE-AZRTOS-G4_V1.0.0, X-CUBE-AZRTOS-H7_V2.1.0, X-CUBE-AZRTOS-L4_V1.0.0, X-CUBE-AZRTOS-L5_V1.0.0, X-CUBE-AZRTOS-WL_V1.0.0, X-CUBE-BLE1_V6.2.4, X-CUBE-BLE2_V3.3.0, X-CUBE-BLEMGR_V1.3.0, X-CUBE-EEPRMA1_V3.1.1, X-CUBE-GNSS1_V6.0.0, X-CUBE-MEMS1_V9.1.0, X-CUBE-MEMS1_V9.3.0, X-CUBE-NFC4_V2.0.5, X-CUBE-NFC7_V1.0.0, X-CUBE-SFXS2LP1_V4.0.0, X-CUBE-SUBG2_V5.0.0]
2022-12-21 21:24:38,980 [INFO] DbBoardsSqlite:225 - include board P-NUCLEO-WB55-NUCLEO as a kit item of type 'Nucleo-64'
2022-12-21 21:24:38,980 [INFO] DbBoardsSqlite:225 - include board P-NUCLEO-WB55-USBDONGLE as a kit item of type 'Nucleo USB Dongle'
2022-12-21 21:24:38,981 [INFO] DbBoardsSqlite:225 - include board STEVAL-IDP005V1 as a kit item of type 'Evaluation Board'
2022-12-21 21:24:38,981 [INFO] DbBoardsSqlite:225 - include board STEVAL-IDP005V2 as a kit item of type 'Evaluation Board'
2022-12-21 21:24:38,995 [INFO] ApiDb:239 - Found 143 in-development CPN: [B-WB1M-WPAN1, B-WL5M-SUBG1, NUCLEO-C031C6, STEVAL-PROTEUS1, STEVAL-STWINBX1, STM320518-EVAL, STM32C0116-DK, STM32C011D6Y3TR, STM32C011D6Y6TR, STM32C011F4P3, STM32C011F4P6, STM32C011F4U3, STM32C011F4U6TR, STM32C011F6P3, STM32C011F6P6, STM32C011F6U3, STM32C011F6U6TR, STM32C011J4M3, STM32C011J4M6, STM32C011J6M3, STM32C011J6M6, STM32C0316-DK, STM32C031C4T3, STM32C031C4T6, STM32C031C4U3, STM32C031C4U6, STM32C031C6T3, STM32C031C6T6, STM32C031C6U3, STM32C031C6U6, STM32C031F4P3, STM32C031F4P6, STM32C031F6P3, STM32C031F6P6, STM32C031G4U3, STM32C031G4U6, STM32C031G6U3, STM32C031G6U6, STM32C031K4T3, STM32C031K4T6, STM32C031K4U3, STM32C031K4U6, STM32C031K6T3, STM32C031K6T6, STM32C031K6U3, STM32C031K6U6, STM32G071K8TXN, STM32G071K8UXN, STM32G081GBU6N, STM32G081KBT6N, STM32G081KBUXN, STM32G0B1CCT6N, STM32G0B1KCT6, STM32G0B1NEY6TR, STM32G0B1RCT6N, STM32G0C1CCT6, STM32G0C1CCT6N, STM32G0C1CCU6N, STM32G0C1CET6N, STM32G0C1CEU6N, STM32G0C1KCT6, STM32G0C1NEY6TR, STM32G0C1RCI6N, STM32G0C1RCT6N, STM32G0C1REI6N, STM32G0C1RET6N, STM32G0C1VCI6, STM32G0C1VEI6, STM32G471CCT6, STM32G471CCU6, STM32G471CET3, STM32G471CET6, STM32G471CEU3, STM32G471CEU6, STM32G471MCT6, STM32G471MET3, STM32G471MET6, STM32G471MEY6TR, STM32G471QCT6, STM32G471QET3, STM32G471RCT6, STM32G471RET3, STM32G471RET6, STM32G471VCH6, STM32G471VCI6, STM32G471VCT6, STM32G471VEH3, STM32G471VEH6, STM32G471VEI3, STM32G471VEI6, STM32G471VET3, STM32G471VET6, STM32G474CCT6, STM32L476VGY6PTR, STM32L4R5QGI6STR, STM32MP131AAE3, STM32MP131AAF3, STM32MP131AAG3, STM32MP131CAE3, STM32MP131CAF3, STM32MP131CAG3, STM32MP131DAE7, STM32MP131DAF7, STM32MP131DAG7, STM32MP131FAE7, STM32MP131FAF7, STM32MP131FAG7, STM32MP133AAE3, STM32MP133AAF3, STM32MP133AAG3, STM32MP133CAE3, STM32MP133CAF3, STM32MP133CAG3, STM32MP133DAE7, STM32MP133DAF7, STM32MP133DAG7, STM32MP133FAE7, STM32MP133FAF7, STM32MP133FAG7, STM32MP135AAE3, STM32MP135AAF3, STM32MP135AAG3, STM32MP135CAE3, STM32MP135CAF3, STM32MP135CAG3, STM32MP135DAE7, STM32MP135DAF7, STM32MP135DAG7, STM32MP135F-DK, STM32MP135FAE7, STM32MP135FAF7, STM32MP135FAF7T, STM32MP135FAF7U, STM32MP135FAG7, STM32U595ZJT6Q, STM32U599BJY6QTR, STM32U599NIH6Q, STM32U599NJH6Q, STM32U5A5ZJT6Q, STM32U5A9BJY6QTR, STM32U5A9NJH6Q, STM32WB1MMCH6, STM32WL5MOCH6TR]
2022-12-21 21:24:39,075 [INFO] BoardInfo:879 - No configuration file found for board P-NUCLEO-WB55
2022-12-21 21:24:39,075 [INFO] DbBoards:156 - Kit is not supported: P-NUCLEO-WB55
2022-12-21 21:24:39,078 [INFO] BoardInfo:879 - No configuration file found for board STEVAL-BFA001V1B
2022-12-21 21:24:39,078 [INFO] DbBoards:156 - Kit is not supported: STEVAL-BFA001V1B
2022-12-21 21:24:39,079 [INFO] BoardInfo:879 - No configuration file found for board STEVAL-BFA001V2B
2022-12-21 21:24:39,079 [INFO] DbBoards:156 - Kit is not supported: STEVAL-BFA001V2B
2022-12-21 21:24:39,196 [INFO] DbBoards:160 - Found 179 boards, 176 are supported
2022-12-21 21:24:39,202 [INFO] ApiDb:422 - Load user favorites file /home/vishnu/.stm32cubeide/favorites.boards.txt: 0 item(s)
2022-12-21 21:24:39,202 [INFO] ApiDb:426 - User favorites Boards=[]
2022-12-21 21:24:39,202 [INFO] DbBoards:189 - Set 0 / 0 favorites Boards
2022-12-21 21:24:42,640 [INFO] MultiScanPanel:196 - Auto-refresh data requested => check proxy status ongoing
2022-12-21 21:24:42,730 [INFO] LoadUrlFilesThread:179 - End of LoadServerUrlFiles without Thread
2022-12-21 21:24:42,731 [INFO] DetailPanel:339 - Set advertising image to /home/vishnu/STM32Cube/Repository//en.Prom_NBSTM32U50921.jpg
2022-12-21 21:24:42,743 [INFO] DbBoards:633 - Loading board mini-images...
2022-12-21 21:24:42,824 [ERROR] DbBoards:650 - Image file not found for board B-WL5M-SUBG1: /home/vishnu/.stmcufinder/plugins/mcufinder//mcu//boards_images/B-WL5M-SUBG1.jpg
2022-12-21 21:24:43,270 [ERROR] LogOutputStream:74 - [STDERR_REDIRECT] SLF4J: Failed to load class "org.slf4j.impl.StaticLoggerBinder".
2022-12-21 21:24:43,270 [ERROR] LogOutputStream:74 - [STDERR_REDIRECT] SLF4J: Defaulting to no-operation (NOP) logger implementation
2022-12-21 21:24:43,270 [ERROR] LogOutputStream:74 - [STDERR_REDIRECT] SLF4J: See http://www.slf4j.org/codes.html#StaticLoggerBinder for further details.
2022-12-21 21:24:43,540 [ERROR] DbBoards:650 - Image file not found for board STEVAL-STWINBX1: /home/vishnu/.stmcufinder/plugins/mcufinder//mcu//boards_images/STEVAL-STWINBX1.jpg
2022-12-21 21:24:44,504 [INFO] DbBoards:656 - Loaded 177 board mini-images
2022-12-21 21:25:20,248 [INFO] MainUpdater:2800 - connection check result : 10
2022-12-21 21:25:20,249 [INFO] MainUpdater:2800 - connection check result : 10
2022-12-21 21:25:20,260 [INFO] MicroXplorer:451 - Change Database Path : 
2022-12-21 21:25:20,260 [INFO] MicroXplorer:481 - Change Database Version : DB.6.0.70
2022-12-21 21:25:20,260 [WARN] ThirdParty:845 - waiting for thirdparty lock release [close project]
2022-12-21 21:25:20,260 [INFO] ThirdParty:847 - entering critical section [close project]
2022-12-21 21:25:20,261 [INFO] ThirdParty:857 - exiting critical section [close project]
2022-12-21 21:25:20,264 [INFO] PinOutPanel:1477 - setPackage(No Configuration,No Configuration)
2022-12-21 21:25:20,267 [INFO] UtilMem:74 - Begin LoadConfig() Used Memory: 412934128 Bytes (493879296)
2022-12-21 21:25:20,270 [INFO] OpenFileManager:307 - Change cursor
2022-12-21 21:25:20,284 [INFO] ProjectFactory:399 - No CPN specified for board NUCLEO-F401RE => set CPN to STM32F401RET6
2022-12-21 21:25:20,285 [INFO] Mcu:1925 - Initializing MCU STM32F401R(D-E)Tx STM32F401RETx STM32F401RET6
2022-12-21 21:25:20,967 [INFO] Context:654 - Trying to add GPIOservice into a context  which must be forbidden
2022-12-21 21:25:21,231 [INFO] Rule:225 - rule 117617 - U5Cobra4M][GTZC] default value MPCBB3 and MPCBB5 - Not Secured memory - MPCBB1 is applicable
2022-12-21 21:25:21,231 [INFO] Rule:225 - rule 117617 - U5Cobra4M][GTZC] default value MPCBB3 and MPCBB5 - Not Secured memory - MPCBB1 is applicable
2022-12-21 21:25:21,231 [INFO] Rule:225 - rule 117617 - U5Cobra4M][GTZC] default value MPCBB3 and MPCBB5 - Not Secured memory - MPCBB2 is applicable
2022-12-21 21:25:21,231 [INFO] Rule:225 - rule 117617 - U5Cobra4M][GTZC] default value MPCBB3 and MPCBB5 - Not Secured memory - MPCBB2 is applicable
2022-12-21 21:25:21,231 [INFO] Rule:225 - rule 117617 - U5Cobra4M][GTZC] default value MPCBB3 and MPCBB5 - Not Secured memory - MPCBB3 is applicable
2022-12-21 21:25:21,231 [INFO] Rule:225 - rule 117617 - U5Cobra4M][GTZC] default value MPCBB3 and MPCBB5 - Not Secured memory - MPCBB3 is applicable
2022-12-21 21:25:21,232 [INFO] Rule:225 - rule 117617 - U5Cobra4M][GTZC] default value MPCBB3 and MPCBB5 - Not Secured memory - MPCBB4 is applicable
2022-12-21 21:25:21,232 [INFO] Rule:225 - rule 117617 - U5Cobra4M][GTZC] default value MPCBB3 and MPCBB5 - Not Secured memory - MPCBB4 is applicable
2022-12-21 21:25:21,232 [INFO] Rule:225 - rule 117617 - U5Cobra4M][GTZC] default value MPCBB3 and MPCBB5 - Secured memory - MPCBB1 is applicable
2022-12-21 21:25:21,232 [INFO] Rule:225 - rule 117617 - U5Cobra4M][GTZC] default value MPCBB3 and MPCBB5 - Secured memory - MPCBB2 is applicable
2022-12-21 21:25:21,232 [INFO] Rule:225 - rule 117617 - U5Cobra4M][GTZC] default value MPCBB3 and MPCBB5 - Secured memory - MPCBB3 is applicable
2022-12-21 21:25:21,232 [INFO] Rule:225 - rule 117617 - U5Cobra4M][GTZC] default value MPCBB3 and MPCBB5 - Secured memory - MPCBB4 is applicable
2022-12-21 21:25:21,232 [INFO] Rule:225 - rule 117617 - U5Cobra4M][GTZC] default value MPCBB3 and MPCBB5 - Privileged memory - MPCBB1 is applicable
2022-12-21 21:25:21,232 [INFO] Rule:225 - rule 117617 - U5Cobra4M][GTZC] default value MPCBB3 and MPCBB5 - Privileged memory - MPCBB2 is applicable
2022-12-21 21:25:21,232 [INFO] Rule:225 - rule 117617 - U5Cobra4M][GTZC] default value MPCBB3 and MPCBB5 - Privileged memory - MPCBB3 is applicable
2022-12-21 21:25:21,232 [INFO] Rule:225 - rule 117617 - U5Cobra4M][GTZC] default value MPCBB3 and MPCBB5 - Privileged memory - MPCBB4 is applicable
2022-12-21 21:25:21,232 [INFO] Rule:225 - rule 117617 - U5Cobra4M][GTZC] default value MPCBB3 and MPCBB5 - Not Privileged memory - MPCBB1 is applicable
2022-12-21 21:25:21,232 [INFO] Rule:225 - rule 117617 - U5Cobra4M][GTZC] default value MPCBB3 and MPCBB5 - Not Privileged memory - MPCBB2 is applicable
2022-12-21 21:25:21,232 [INFO] Rule:225 - rule 117617 - U5Cobra4M][GTZC] default value MPCBB3 and MPCBB5 - Not Privileged memory - MPCBB3 is applicable
2022-12-21 21:25:21,232 [INFO] Rule:225 - rule 117617 - U5Cobra4M][GTZC] default value MPCBB3 and MPCBB5 - Not Privileged memory - MPCBB4 is applicable
2022-12-21 21:25:21,232 [INFO] Rule:225 - rule 117617 - U5Cobra4M][GTZC] default value MPCBB3 and MPCBB5 - Privileged memory - MPCBB1 is applicable
2022-12-21 21:25:21,232 [INFO] Rule:225 - rule 117617 - U5Cobra4M][GTZC] default value MPCBB3 and MPCBB5 - Privileged memory - MPCBB2 is applicable
2022-12-21 21:25:21,232 [INFO] Rule:225 - rule 117617 - U5Cobra4M][GTZC] default value MPCBB3 and MPCBB5 - Privileged memory - MPCBB3 is applicable
2022-12-21 21:25:21,232 [INFO] Rule:225 - rule 117617 - U5Cobra4M][GTZC] default value MPCBB3 and MPCBB5 - Privileged memory - MPCBB4 is applicable
2022-12-21 21:25:21,232 [INFO] Rule:225 - rule 117617 - U5Cobra4M][GTZC] default value MPCBB3 and MPCBB5 - Privileged memory - MPCBB1 is applicable
2022-12-21 21:25:21,232 [INFO] Rule:225 - rule 117617 - U5Cobra4M][GTZC] default value MPCBB3 and MPCBB5 - Privileged memory - MPCBB2 is applicable
2022-12-21 21:25:21,232 [INFO] Rule:225 - rule 117617 - U5Cobra4M][GTZC] default value MPCBB3 and MPCBB5 - Privileged memory - MPCBB3 is applicable
2022-12-21 21:25:21,232 [INFO] Rule:225 - rule 117617 - U5Cobra4M][GTZC] default value MPCBB3 and MPCBB5 - Privileged memory - MPCBB4 is applicable
2022-12-21 21:25:21,232 [INFO] Rule:225 - rule 117617 - U5Cobra4M][GTZC] default value MPCBB3 and MPCBB5 - Not Privileged memory - MPCBB1 is applicable
2022-12-21 21:25:21,232 [INFO] Rule:225 - rule 117617 - U5Cobra4M][GTZC] default value MPCBB3 and MPCBB5 - Not Privileged memory - MPCBB2 is applicable
2022-12-21 21:25:21,232 [INFO] Rule:225 - rule 117617 - U5Cobra4M][GTZC] default value MPCBB3 and MPCBB5 - Not Privileged memory - MPCBB3 is applicable
2022-12-21 21:25:21,232 [INFO] Rule:225 - rule 117617 - U5Cobra4M][GTZC] default value MPCBB3 and MPCBB5 - Not Privileged memory - MPCBB4 is applicable
2022-12-21 21:25:21,233 [INFO] Rule:225 - rule 117617 - U5Cobra4M][GTZC] default value MPCBB3 and MPCBB5 - Privileged memory - MPCBB1 is applicable
2022-12-21 21:25:21,233 [INFO] Rule:225 - rule 117617 - U5Cobra4M][GTZC] default value MPCBB3 and MPCBB5 - Privileged memory - MPCBB2 is applicable
2022-12-21 21:25:21,233 [INFO] Rule:225 - rule 117617 - U5Cobra4M][GTZC] default value MPCBB3 and MPCBB5 - Privileged memory - MPCBB3 is applicable
2022-12-21 21:25:21,233 [INFO] Rule:225 - rule 117617 - U5Cobra4M][GTZC] default value MPCBB3 and MPCBB5 - Privileged memory - MPCBB4 is applicable
2022-12-21 21:25:21,233 [INFO] Rule:225 - rule Rename SubGHz_Phy SUBGHZ_APPLICATION SUBGHZ_PINGPONG to SUBGHZ_ADV_APPLICATION is applicable
2022-12-21 21:25:21,233 [INFO] Rule:225 - rule Rename Enabled to IBEACON is applicable
2022-12-21 21:25:21,233 [INFO] Rule:225 - rule GTZC_S instance for project manager is applicable
2022-12-21 21:25:21,233 [INFO] Rule:225 - rule GTZC_S instance for context M33S is applicable
2022-12-21 21:25:21,233 [INFO] Rule:225 - rule GTZC_S instance value for IP GTZC is applicable
2022-12-21 21:25:21,233 [INFO] Rule:225 - rule GTZC_S instance for mcu.IP is applicable
2022-12-21 21:25:21,233 [INFO] Rule:225 - rule GTZC_S instance for VP is applicable
2022-12-21 21:25:21,233 [INFO] Rule:225 - rule GTZC_S instance for signal is applicable
2022-12-21 21:25:21,233 [INFO] Rule:225 - rule GTZC_S instance for mcu.Pin is applicable
2022-12-21 21:25:21,233 [INFO] Rule:225 - rule GTZC_S instance for VP is applicable
2022-12-21 21:25:21,233 [INFO] Rule:225 - rule GTZC_S instance for signal is applicable
2022-12-21 21:25:21,233 [INFO] Rule:225 - rule GTZC_S instance for mcu is applicable
2022-12-21 21:25:21,233 [INFO] Rule:225 - rule GTZC_S instance for mcu.Pin is applicable
2022-12-21 21:25:21,233 [INFO] Rule:225 - rule GTZC_S instance value for IP GTZC is applicable
2022-12-21 21:25:21,233 [INFO] Rule:225 - rule GTZC_S instance for project manager is applicable
2022-12-21 21:25:21,233 [INFO] Rule:225 - rule GTZC_S instance for context M33S is applicable
2022-12-21 21:25:21,233 [INFO] Rule:225 - rule GTZC_S instance for VP is applicable
2022-12-21 21:25:21,233 [INFO] Rule:225 - rule GTZC_S instance for signal is applicable
2022-12-21 21:25:21,233 [INFO] Rule:225 - rule SPDIFRX instance for mcu is applicable
2022-12-21 21:25:21,233 [INFO] Rule:225 - rule Rename Tracer Mode is applicable
2022-12-21 21:25:21,233 [INFO] Rule:225 - rule SPDIFRX instance value for IP SPDIFRX is applicable
2022-12-21 21:25:21,234 [INFO] Rule:225 - rule SPDIFRX instance for signal is applicable
2022-12-21 21:25:21,234 [INFO] Rule:225 - rule SPDIFRX instance for project manager is applicable
2022-12-21 21:25:21,234 [INFO] Rule:225 - rule SPDIFRX instance for project manager is applicable
2022-12-21 21:25:21,234 [INFO] Rule:225 - rule ADC Scan  fix with FW F7 is applicable
2022-12-21 21:25:21,234 [INFO] Rule:225 - rule ADC Scan  fix with FW F7 is applicable
2022-12-21 21:25:21,234 [INFO] Rule:225 - rule Add RTC Activate Clock Source is applicable
2022-12-21 21:25:21,234 [INFO] Rule:225 - rule Add RTC Activate Calendar 1 is applicable
2022-12-21 21:25:21,234 [INFO] Rule:225 - rule Add RTC Activate Calendar 2 is applicable
2022-12-21 21:25:21,234 [INFO] Rule:225 - rule Add RTC Activate Calendar 3 is applicable
2022-12-21 21:25:21,234 [INFO] Rule:225 - rule UART/USART TX Mode is applicable
2022-12-21 21:25:21,234 [INFO] Rule:225 - rule UART/USART RX Mode is applicable
2022-12-21 21:25:21,234 [INFO] Rule:225 - rule UART/USART RX TX Mode is applicable
2022-12-21 21:25:21,234 [INFO] Rule:225 - rule UART/USART PARITY NONE is applicable
2022-12-21 21:25:21,234 [INFO] Rule:225 - rule UART/USART PARITY EVEN is applicable
2022-12-21 21:25:21,234 [INFO] Rule:225 - rule UART/USART PARITY ODD is applicable
2022-12-21 21:25:21,234 [INFO] Rule:225 - rule USART StopBits 1 is applicable
2022-12-21 21:25:21,234 [INFO] Rule:225 - rule USART StopBits 2 is applicable
2022-12-21 21:25:21,234 [INFO] Rule:225 - rule USART StopBits 1.5 is applicable
2022-12-21 21:25:21,234 [INFO] Rule:225 - rule USART StopBits 0.5 is applicable
2022-12-21 21:25:21,234 [INFO] Rule:225 - rule UART/USART WORD LENGTH 7 is applicable
2022-12-21 21:25:21,234 [INFO] Rule:225 - rule UART/USART WORD LENGTH 8 is applicable
2022-12-21 21:25:21,234 [INFO] Rule:225 - rule UART/USART WORD LENGTH 9 is applicable
2022-12-21 21:25:21,235 [INFO] Rule:225 - rule Rename FMC NAND NCE signal is applicable
2022-12-21 21:25:21,235 [INFO] Rule:225 - rule Rename FMC NAND INT signal is applicable
2022-12-21 21:25:21,235 [INFO] Rule:225 - rule Change Default Value for LSE Drive Capability for WB family is applicable
2022-12-21 21:25:21,235 [INFO] Rule:225 - rule Change Default Value for ADC Clock Prescaler G0 family is applicable
2022-12-21 21:25:21,235 [INFO] Rule:225 - rule Change Default Value for ADC ExternalTrigConv L4 family is applicable
2022-12-21 21:25:21,235 [INFO] Rule:225 - rule Change Default Value for ADC ExternalTrigInjecConv L4 family is applicable
2022-12-21 21:25:21,235 [INFO] Rule:225 - rule Change Default Value for ADC ExternalTrigConv F3 family is applicable
2022-12-21 21:25:21,235 [INFO] Rule:225 - rule Change Default Value for ADC ExternalTrigInjecConv F3 family is applicable
2022-12-21 21:25:21,235 [INFO] Rule:225 - rule Change Default Value for ADC ExternalTrigConv Goldfish serie is applicable
2022-12-21 21:25:21,235 [INFO] Rule:225 - rule Change Default Value for ADC ExternalTrigInjecConv Goldfish serie is applicable
2022-12-21 21:25:21,235 [INFO] Rule:225 - rule Change Default Value for ADC ExternalTrigConv L0 family is applicable
2022-12-21 21:25:21,235 [INFO] Rule:225 - rule Change Default Value for ADC ExternalTrigConv F0 family is applicable
2022-12-21 21:25:21,235 [INFO] Rule:225 - rule Change Default Value for ADC ExternalTrigConvn L1 family is applicable
2022-12-21 21:25:21,235 [INFO] Rule:225 - rule Change Default Value for ADC ExternalTrigInjecConv L1 family is applicable
2022-12-21 21:25:21,235 [INFO] Rule:225 - rule Change Default Value for ADC ExternalTrigConv F1 family is applicable
2022-12-21 21:25:21,235 [INFO] Rule:225 - rule Change Default Value for ADC ExternalTrigInjecConv F1 family is applicable
2022-12-21 21:25:21,235 [INFO] Rule:225 - rule Change Default Value for ADC ExternalTrigConv F7 family is applicable
2022-12-21 21:25:21,235 [INFO] Rule:225 - rule Change Default Value for ADC ExternalTrigInjecConv F7 family is applicable
2022-12-21 21:25:21,235 [INFO] Rule:225 - rule Change Default Value for ADC ExternalTrigConv F4 and F2 family is applicable
2022-12-21 21:25:21,235 [INFO] Rule:225 - rule Change Default Value for ADC ExternalTrigInjecConv F4 and F2 family is applicable
2022-12-21 21:25:21,235 [INFO] Rule:225 - rule ADC SamplingTime fix with FW L0  is applicable
2022-12-21 21:25:21,235 [INFO] Rule:225 - rule ADC SamplingTime fix with FW L0  is applicable
2022-12-21 21:25:21,235 [INFO] Rule:225 - rule ADC SamplingTime fix with FW L0 is applicable
2022-12-21 21:25:21,235 [INFO] Rule:225 - rule ADC SamplingTime fix with FW L0 is applicable
2022-12-21 21:25:21,235 [INFO] Rule:225 - rule ADC SamplingTime fix with FW L0  is applicable
2022-12-21 21:25:21,235 [INFO] Rule:225 - rule ADC SamplingTime fix with FW L0 is applicable
2022-12-21 21:25:21,235 [INFO] Rule:225 - rule Rename USB_OE Signal is applicable
2022-12-21 21:25:21,235 [INFO] Rule:225 - rule Rename Activate_OE Mode is applicable
2022-12-21 21:25:21,236 [INFO] Rule:225 - rule Rename DIE462/DIE415 pin PC14/OSC32_IN -> PC14-OSC32_IN (PC14) is applicable
2022-12-21 21:25:21,236 [INFO] Rule:225 - rule Rename DIE462/DIE415 pin PC15/OSC32_OUT -> PC15-OSC32_OUT (PC15) is applicable
2022-12-21 21:25:21,236 [INFO] Rule:225 - rule Rename DIE462/DIE415 pin PH0/OSC_IN -> PH0-OSC_IN (PH0) is applicable
2022-12-21 21:25:21,236 [INFO] Rule:225 - rule Rename DIE462/DIE415 pin PH1/OSC_OUT -> PH1-OSC_OUT (PH1) is applicable
2022-12-21 21:25:21,236 [INFO] Rule:225 - rule Rename DIE462 pin PA13 -> PA13 (JTMS/SWDIO) is applicable
2022-12-21 21:25:21,236 [INFO] Rule:225 - rule Rename DIE415 pin PA13 -> PA13 (JTMS/SWDIO) is applicable
2022-12-21 21:25:21,236 [INFO] Rule:225 - rule Rename DIE462 pin PA14 -> PA14 (JTCK/SWCLK) is applicable
2022-12-21 21:25:21,236 [INFO] Rule:225 - rule Rename DIE415 pin PA14 -> PA14 (JTCK/SWCLK) is applicable
2022-12-21 21:25:21,236 [INFO] Rule:225 - rule Rename DIE462/DIE415 pin PA15 -> PA15 (JTDI) is applicable
2022-12-21 21:25:21,236 [INFO] Rule:225 - rule Rename DIE462 pin PB3 -> PB3 (JTD0/TRACESWO) is applicable
2022-12-21 21:25:21,236 [INFO] Rule:225 - rule Rename DIE415 pin PB3 -> PB3 (JTD0-TRACESWO) is applicable
2022-12-21 21:25:21,236 [INFO] Rule:225 - rule Rename DIE462/DIE415 pin PB4 -> PB4 (NJTRST) is applicable
2022-12-21 21:25:21,236 [INFO] Rule:225 - rule Rename DIE462 pin PH3/BOOT0 -> PH3-BOOT0 (BOOT0) is applicable
2022-12-21 21:25:21,236 [INFO] Rule:225 - rule Rename CRYP DataEncryptionTypesList to Algorithm is applicable
2022-12-21 21:25:21,236 [INFO] Rule:225 - rule Rename AES DataEncryptionTypesList to Algorithm is applicable
2022-12-21 21:25:21,236 [INFO] Rule:225 - rule Rename TDESECB to CRYP_TDES_ECB is applicable
2022-12-21 21:25:21,236 [INFO] Rule:225 - rule Rename TDESCBC to CRYP_TDES_CBC is applicable
2022-12-21 21:25:21,236 [INFO] Rule:225 - rule Rename DESECB to CRYP_DES_ECB is applicable
2022-12-21 21:25:21,236 [INFO] Rule:225 - rule Rename DESCBC to CRYP_DES_CBC is applicable
2022-12-21 21:25:21,236 [INFO] Rule:225 - rule Rename AESECB to CRYP_AES_ECB is applicable
2022-12-21 21:25:21,236 [INFO] Rule:225 - rule Rename AESCBC to CRYP_AES_CBC is applicable
2022-12-21 21:25:21,236 [INFO] Rule:225 - rule Rename AESCTR to CRYP_AES_CTR is applicable
2022-12-21 21:25:21,236 [INFO] Rule:225 - rule Rename AESGCM to CRYP_AES_GCM is applicable
2022-12-21 21:25:21,236 [INFO] Rule:225 - rule Rename AESCCM to CRYP_AES_CCM is applicable
2022-12-21 21:25:21,236 [INFO] Rule:225 - rule Rename CAN TimeSeg1 to BS1 is applicable
2022-12-21 21:25:21,236 [INFO] Rule:225 - rule Rename CAN TimeSeg2 to BS2 is applicable
2022-12-21 21:25:21,236 [INFO] Rule:225 - rule Rename CAN SyncJumpWidth to SJW is applicable
2022-12-21 21:25:21,236 [INFO] Rule:225 - rule TimeTriggeredMode to TTCM is applicable
2022-12-21 21:25:21,237 [INFO] Rule:225 - rule Rename CAN AutoBusOff to ABOM is applicable
2022-12-21 21:25:21,237 [INFO] Rule:225 - rule Rename CAN AutoWakeUp to AWUM is applicable
2022-12-21 21:25:21,237 [INFO] Rule:225 - rule Rename CAN AutoRetransmission to NART is applicable
2022-12-21 21:25:21,237 [INFO] Rule:225 - rule Rename CAN ReceiveFifoLocked to RFLM is applicable
2022-12-21 21:25:21,237 [INFO] Rule:225 - rule Rename CAN TransmitFifoPriority to TXFP is applicable
2022-12-21 21:25:21,237 [INFO] Rule:225 - rule Rename HRTIMER HRTIM_OUTPUTFAULTLEVEL_HIGH in HRTIMER HRTIM_OUTPUTFAULTLEVEL_HIGHZ is applicable
2022-12-21 21:25:21,237 [INFO] Rule:225 - rule Rename TIMER TIM_CLEARINPUTSOURCE_OCREFCLR in  TIMER TIM_CLEARINPUTSOURCE_NONE for F7 family is applicable
2022-12-21 21:25:21,237 [INFO] Rule:225 - rule FDCAN_R1 - Rename FDCAN mode Master into Classic is applicable
2022-12-21 21:25:21,237 [INFO] Rule:225 - rule FDCAN_R2 - Rename FDCAN mode Slave into Classic is applicable
2022-12-21 21:25:21,237 [INFO] Rule:225 - rule FDCAN1_R3 - if PA10.Mode=FullDuplex, add Pin PA12 is applicable
2022-12-21 21:25:21,237 [INFO] Rule:225 - rule FDCAN1_R3 - if PA9.Mode=FullDuplex, add Pin PA11 is applicable
2022-12-21 21:25:21,237 [INFO] Rule:225 - rule FDCAN1_R3 - Alternatepin_1 - if PE1.Mode=FullDuplex, add Pin PB9 is applicable
2022-12-21 21:25:21,237 [INFO] Rule:225 - rule FDCAN1_R3 - Alternatepin_1 - if PE0.Mode=FullDuplex, add Pin PB8 is applicable
2022-12-21 21:25:21,237 [INFO] Rule:225 - rule FDCAN1_R3 - Alternatepin_2 - if PD5.Mode=FullDuplex, add Pin PD1 is applicable
2022-12-21 21:25:21,237 [INFO] Rule:225 - rule FDCAN1_R3 - Alternatepin_2 - if PD4.Mode=FullDuplex, add Pin PD0 is applicable
2022-12-21 21:25:21,237 [INFO] Rule:225 - rule FDCAN1_R4 - Rename Mode FullDuplex into Enable FDCAN_TXFD for pin PA10 is applicable
2022-12-21 21:25:21,237 [INFO] Rule:225 - rule FDCAN1_R4 - Rename Mode FullDuplex into Enable FDCAN_TXFD for pin PA9 is applicable
2022-12-21 21:25:21,237 [INFO] Rule:225 - rule FDCAN1_R4 - Alternatepin_1 - Rename Mode FullDuplex into Enable FDCAN_TXFD for pin PE1 is applicable
2022-12-21 21:25:21,237 [INFO] Rule:225 - rule FDCAN1_R4 - Alternatepin_1 - Rename Mode FullDuplex into Enable FDCAN_TXFD for pin PE0 is applicable
2022-12-21 21:25:21,237 [INFO] Rule:225 - rule FDCAN1_R4 - Alternatepin_2 - Rename Mode FullDuplex into Enable FDCAN_TXFD for pin PD5 is applicable
2022-12-21 21:25:21,237 [INFO] Rule:225 - rule FDCAN1_R4 - Alternatepin_2 - Rename Mode FullDuplex into Enable FDCAN_TXFD for pin PD4 is applicable
2022-12-21 21:25:21,237 [INFO] Rule:225 - rule FDCAN2_R3 - if PD10.Mode=FullDuplex, add Pin PB13 is applicable
2022-12-21 21:25:21,237 [INFO] Rule:225 - rule FDCAN2_R3 - if PD9.Mode=FullDuplex, add Pin PB12 is applicable
2022-12-21 21:25:21,237 [INFO] Rule:225 - rule FDCAN2_R3 - Alternatepin_1 - if PB7.Mode=FullDuplex, add Pin PB6 is applicable
2022-12-21 21:25:21,237 [INFO] Rule:225 - rule FDCAN2_R3 - Alternatepin_1 - if PD9.Mode=FullDuplex, add Pin PB12 is applicable
2022-12-21 21:25:21,237 [INFO] Rule:225 - rule FDCAN2_R4 - Rename Mode FullDuplex into Enable FDCAN_TXFD for pin PD10 is applicable
2022-12-21 21:25:21,237 [INFO] Rule:225 - rule FDCAN2_R4 - Rename Mode FullDuplex into Enable FDCAN_TXFD for pin PD9 is applicable
2022-12-21 21:25:21,238 [INFO] Rule:225 - rule FDCAN2_R4 - Alternatepin_1 - Rename Mode FullDuplex into Enable FDCAN_TXFD for pin PB7 is applicable
2022-12-21 21:25:21,238 [INFO] Rule:225 - rule FDCAN2_R4 - Alternatepin_1 - Rename Mode FullDuplex into Enable FDCAN_TXFD for pin PD6 is applicable
2022-12-21 21:25:21,238 [INFO] Rule:225 - rule USART TxPinLevelInvertParam Mode is applicable
2022-12-21 21:25:21,238 [INFO] Rule:225 - rule USART RxPinLevelInvertParam Mode is applicable
2022-12-21 21:25:21,238 [INFO] Rule:225 - rule USART DataInvertParam Mode is applicable
2022-12-21 21:25:21,238 [INFO] Rule:225 - rule USART SwapParam Mode is applicable
2022-12-21 21:25:21,238 [INFO] Rule:225 - rule USART OverrunDisableParam Mode is applicable
2022-12-21 21:25:21,238 [INFO] Rule:225 - rule USART DMADisableonRxErrorParam Mode is applicable
2022-12-21 21:25:21,238 [INFO] Rule:225 - rule USART MSBFirstParam Mode is applicable
2022-12-21 21:25:21,238 [INFO] Rule:225 - rule Update MwName for USB_DEVICE is applicable
2022-12-21 21:25:21,238 [INFO] Rule:225 - rule Change PWR_Regulator_Voltage_Scale Default Value for RCC  H7 family is applicable
2022-12-21 21:25:21,238 [INFO] Rule:225 - rule UART/USART IPParameter rename Prescaler parameter to ClockPrescaler is applicable
2022-12-21 21:25:21,238 [INFO] Rule:225 - rule UART/USART Prescaler rename Prescaler parameter to ClockPrescaler is applicable
2022-12-21 21:25:21,238 [INFO] Rule:225 - rule TIM1CLockSelection is applicable
2022-12-21 21:25:21,238 [INFO] Rule:225 - rule TIM15CLockSelection is applicable
2022-12-21 21:25:21,238 [INFO] Rule:225 - rule align RCC SDMMC3CLockSelection default value on MP1 is applicable
2022-12-21 21:25:21,238 [INFO] Rule:225 - rule align RCC SDMMC12CLockSelection default value on MP1 is applicable
2022-12-21 21:25:21,238 [INFO] Rule:225 - rule align RCC QSPICLockSelection default value on MP1 is applicable
2022-12-21 21:25:21,238 [INFO] Rule:225 - rule align RCC QSPICLockSelection default value on MP1 is applicable
2022-12-21 21:25:21,238 [INFO] Rule:225 - rule align RCC SPI6CLockSelection default value on MP1 is applicable
2022-12-21 21:25:21,238 [INFO] Rule:225 - rule align RCC LPTIM23CLockSelection default value on MP1 is applicable
2022-12-21 21:25:21,238 [INFO] Rule:225 - rule align RCC LPTIM1CLockSelection default value on MP1 is applicable
2022-12-21 21:25:21,238 [INFO] Rule:225 - rule align RCC USART1CLockSelection default value on MP1 is applicable
2022-12-21 21:25:21,238 [INFO] Rule:225 - rule align RCC USART24CLockSelection default value on MP1 is applicable
2022-12-21 21:25:21,238 [INFO] Rule:225 - rule align RCC USART6CLockSelection default value on MP1 is applicable
2022-12-21 21:25:21,238 [INFO] Rule:225 - rule align RCC UART78CLockSelection default value on MP1 is applicable
2022-12-21 21:25:21,238 [INFO] Rule:225 - rule align RCC USART35CLockSelection default value on MP1 is applicable
2022-12-21 21:25:21,238 [INFO] Rule:225 - rule align RCC SPI45CLockSelection default value on MP1 is applicable
2022-12-21 21:25:21,238 [INFO] Rule:225 - rule align RCC I2C46CLockSelection BCLK value on MP1 is applicable
2022-12-21 21:25:21,238 [INFO] Rule:225 - rule align RCC SPI45CLockSelection default value on MP1 is applicable
2022-12-21 21:25:21,239 [INFO] Rule:225 - rule align RCC I2C12CLockSelection default value on MP1 is applicable
2022-12-21 21:25:21,239 [INFO] Rule:225 - rule align RCC I2C35CLockSelection default value on MP1 is applicable
2022-12-21 21:25:21,239 [INFO] Rule:225 - rule align RCC LPTIM45CLockSelection default value on MP1 is applicable
2022-12-21 21:25:21,239 [INFO] Rule:225 - rule Rename DCMI PIXCK signal is applicable
2022-12-21 21:25:21,239 [INFO] Rule:225 - rule Change Default Value for I2C46CLockSelection MP1 family is applicable
2022-12-21 21:25:21,239 [INFO] Rule:225 - rule Change Default Value for UART for G4, G0 and WB families is applicable
2022-12-21 21:25:21,239 [INFO] Rule:225 - rule Change Default Value for USART for G4, G0 and WB families is applicable
2022-12-21 21:25:21,239 [INFO] Rule:225 - rule Change Default Value for USART for G4 family is applicable
2022-12-21 21:25:21,239 [INFO] Rule:225 - rule Change USART1CLockSelection refparam name for MP1 is applicable
2022-12-21 21:25:21,239 [INFO] Rule:225 - rule Change USART2CLockSelection refparam name for MP1 is applicable
2022-12-21 21:25:21,239 [INFO] Rule:225 - rule Change USART3CLockSelection refparam name for MP1 is applicable
2022-12-21 21:25:21,239 [INFO] Rule:225 - rule Change UART4CLockSelection refparam name for MP1 is applicable
2022-12-21 21:25:21,239 [INFO] Rule:225 - rule Change UART5CLockSelection refparam name for MP1 is applicable
2022-12-21 21:25:21,239 [INFO] Rule:225 - rule Change LPUART1CLockSelection refparam name for MP1 is applicable
2022-12-21 21:25:21,239 [INFO] Rule:225 - rule Change LPTIM1CLockSelection refparam name for MP1 is applicable
2022-12-21 21:25:21,239 [INFO] Rule:225 - rule Change LPTIM2CLockSelection refparam name for MP1 is applicable
2022-12-21 21:25:21,239 [INFO] Rule:225 - rule Change RCC_MCO1Source refparam name for MP1 is applicable
2022-12-21 21:25:21,239 [INFO] Rule:225 - rule Change LSCOSource1 refparam name for MP1 is applicable
2022-12-21 21:25:21,239 [INFO] Rule:225 - rule Change SMPSCLockSelection refparam name for MP1 is applicable
2022-12-21 21:25:21,239 [INFO] Rule:225 - rule Change LPTIM3CLockSelection refparam name for MP1 is applicable
2022-12-21 21:25:21,239 [INFO] Rule:225 - rule Change MPCBB* Default Template Mode to Parameters is applicable
2022-12-21 21:25:21,239 [INFO] Rule:225 - rule Change MPCWM* or MPCBB* Secure Mode to Parameters is applicable
2022-12-21 21:25:21,239 [INFO] Rule:225 - rule Change MPCWM* or MPCBB* No Secure Mode to Parameters is applicable
2022-12-21 21:25:21,239 [INFO] Rule:225 - rule Change TZSC IP Secure Mode to Parameters is applicable
2022-12-21 21:25:21,239 [INFO] Rule:225 - rule Change TZSC IP No Secure Mode to Parameters is applicable
2022-12-21 21:25:21,239 [INFO] Rule:225 - rule Change TZSC IP Privilege Mode to Parameters is applicable
2022-12-21 21:25:21,239 [INFO] Rule:225 - rule Change TZSC IP No Privilege Mode to Parameters is applicable
2022-12-21 21:25:21,239 [INFO] Rule:225 - rule Change TZIC IT Secure Mode to Parameters is applicable
2022-12-21 21:25:21,239 [INFO] Rule:225 - rule Change TZIC IT No Secure Mode to Parameters is applicable
2022-12-21 21:25:21,240 [INFO] Rule:225 - rule Add MPCBB1_NonSecureArea_Start_Address value with referenced to MPCBB1_NonSecureArea_Start value is applicable
2022-12-21 21:25:21,240 [INFO] Rule:225 - rule Add MPCBB2_NonSecureArea_Start_Address value with referenced to MPCBB2_NonSecureArea_Start value is applicable
2022-12-21 21:25:21,240 [INFO] Rule:225 - rule Add MPCWM1_NonSecureArea*_Start_Address value with referenced to MPCWM1_NonSecureArea*_Start value is applicable
2022-12-21 21:25:21,240 [INFO] Rule:225 - rule Add MPCWM2_NonSecureArea*_Start_Address value with referenced to MPCWM2_NonSecureArea*_Start value is applicable
2022-12-21 21:25:21,240 [INFO] Rule:225 - rule Add MPCWM3_NonSecureArea_Start_Address value with referenced to MPCWM3_NonSecureArea_Start value is applicable
2022-12-21 21:25:21,240 [INFO] Rule:225 - rule Change Default Value for PLL1UserDefinedConfig is applicable
2022-12-21 21:25:21,240 [INFO] Rule:225 - rule Change GPIO_PuPd Default Value for USART in async mode is applicable
2022-12-21 21:25:21,240 [INFO] Rule:225 - rule Change SMPSDivider Default Value is applicable
2022-12-21 21:25:21,240 [INFO] Rule:225 - rule OPAMP is applicable
2022-12-21 21:25:21,240 [INFO] Rule:225 - rule LPUART IPParameter rename Prescaler parameter to ClockPrescaler for STM32H7 is applicable
2022-12-21 21:25:21,240 [INFO] Rule:225 - rule LPUART IPParameter rename Prescaler parameter to ClockPrescaler for STM32H7 is applicable
2022-12-21 21:25:21,240 [INFO] Rule:225 - rule LPUART IPParameter rename Prescaler parameter to ClockPrescaler for STM32WB is applicable
2022-12-21 21:25:21,240 [INFO] Rule:225 - rule LPUART IPParameter rename Prescaler parameter to ClockPrescaler for STM32WB is applicable
2022-12-21 21:25:21,240 [INFO] Rule:225 - rule LPUART IPParameter rename Prescaler parameter to ClockPrescaler for STM32G4 is applicable
2022-12-21 21:25:21,240 [INFO] Rule:225 - rule LPUART IPParameter rename Prescaler parameter to ClockPrescaler for STM32G4 is applicable
2022-12-21 21:25:21,240 [INFO] Rule:225 - rule LPUART IPParameter rename Prescaler parameter to ClockPrescaler for STM32L5 is applicable
2022-12-21 21:25:21,240 [INFO] Rule:225 - rule LPUART IPParameter rename Prescaler parameter to ClockPrescaler for STM32L5 is applicable
2022-12-21 21:25:21,240 [INFO] Rule:225 - rule LPUART IPParameter rename Prescaler parameter to ClockPrescaler for STM32G4 is applicable
2022-12-21 21:25:21,240 [INFO] Rule:225 - rule LPUART IPParameter rename Prescaler parameter to ClockPrescaler for STM32G4 is applicable
2022-12-21 21:25:21,240 [INFO] Rule:225 - rule USB device lib V2.5.3 for L0 rename USBD_SUPPORT_USER_STRING parameter to USBD_SUPPORT_USER_STRING_DESC4 is applicable
2022-12-21 21:25:21,240 [INFO] Rule:225 - rule I2SCLockSelection clock entry align is applicable
2022-12-21 21:25:21,240 [INFO] Rule:225 - rule Assign TIMx context if used as SYS timebase is applicable
2022-12-21 21:25:21,240 [INFO] Rule:225 - rule Change GPIO_Pu Default Value for I2C is applicable
2022-12-21 21:25:21,240 [INFO] Rule:225 - rule Change GPIO_Pu Default Value for SMBus is applicable
2022-12-21 21:25:21,240 [INFO] Rule:225 - rule change FDCAN default value is applicable
2022-12-21 21:25:21,240 [INFO] Rule:225 - rule Change mode sai is applicable
2022-12-21 21:25:21,240 [INFO] Rule:225 - rule **Change sai mode is applicable
2022-12-21 21:25:21,256 [INFO] DbConfProperties:305 - Apply Compatibility (49/248 Rules)
2022-12-21 21:25:21,271 [INFO] ImportTextPane:193 - (OptionalMessage_ERROR) Unable to find key (Mcu.ThirdPartyNb) in loaded IOC file
2022-12-21 21:25:21,342 [WARN] ModelIntegratedComponent:64 - No mode defined for component null
2022-12-21 21:25:21,342 [WARN] ModelIntegratedComponent:64 - No mode defined for component null
2022-12-21 21:25:21,342 [WARN] ModelIntegratedComponent:64 - No mode defined for component null
2022-12-21 21:25:21,342 [WARN] ModelIntegratedComponent:64 - No mode defined for component null
2022-12-21 21:25:21,342 [WARN] ModelIntegratedComponent:64 - No mode defined for component null
2022-12-21 21:25:21,342 [WARN] ModelIntegratedComponent:64 - No mode defined for component null
2022-12-21 21:25:21,342 [WARN] ModelIntegratedComponent:64 - No mode defined for component null
2022-12-21 21:25:21,343 [WARN] ModelIntegratedComponent:64 - No mode defined for component null
2022-12-21 21:25:21,343 [WARN] ModelIntegratedComponent:64 - No mode defined for component null
2022-12-21 21:25:21,343 [WARN] ModelIntegratedComponent:64 - No mode defined for component null
2022-12-21 21:25:21,343 [WARN] ModelIntegratedComponent:64 - No mode defined for component null
2022-12-21 21:25:21,343 [WARN] ModelIntegratedComponent:64 - No mode defined for component null
2022-12-21 21:25:21,343 [WARN] ModelIntegratedComponent:64 - No mode defined for component null
2022-12-21 21:25:21,343 [WARN] ModelIntegratedComponent:64 - No mode defined for component null
2022-12-21 21:25:21,343 [WARN] ModelIntegratedComponent:64 - No mode defined for component null
2022-12-21 21:25:21,343 [WARN] ModelIntegratedComponent:64 - No mode defined for component null
2022-12-21 21:25:21,343 [WARN] ModelIntegratedComponent:64 - No mode defined for component null
2022-12-21 21:25:21,343 [WARN] ModelIntegratedComponent:64 - No mode defined for component null
2022-12-21 21:25:21,343 [WARN] ModelIntegratedComponent:64 - No mode defined for component null
2022-12-21 21:25:21,343 [WARN] ModelIntegratedComponent:64 - No mode defined for component null
2022-12-21 21:25:21,343 [WARN] ModelIntegratedComponent:64 - No mode defined for component null
2022-12-21 21:25:21,343 [WARN] ModelIntegratedComponent:64 - No mode defined for component null
2022-12-21 21:25:21,343 [WARN] ModelIntegratedComponent:64 - No mode defined for component null
2022-12-21 21:25:21,343 [WARN] ModelIntegratedComponent:64 - No mode defined for component null
2022-12-21 21:25:21,343 [WARN] ModelIntegratedComponent:64 - No mode defined for component null
2022-12-21 21:25:21,343 [WARN] ModelIntegratedComponent:64 - No mode defined for component null
2022-12-21 21:25:21,343 [WARN] ModelIntegratedComponent:64 - No mode defined for component null
2022-12-21 21:25:21,343 [WARN] ModelIntegratedComponent:64 - No mode defined for component null
2022-12-21 21:25:21,343 [WARN] ModelIntegratedComponent:64 - No mode defined for component null
2022-12-21 21:25:21,343 [WARN] ModelIntegratedComponent:64 - No mode defined for component null
2022-12-21 21:25:21,343 [WARN] ModelIntegratedComponent:64 - No mode defined for component null
2022-12-21 21:25:21,343 [WARN] ModelIntegratedComponent:64 - No mode defined for component null
2022-12-21 21:25:21,343 [WARN] ModelIntegratedComponent:64 - No mode defined for component null
2022-12-21 21:25:21,347 [INFO] RtosManager:489 - Registered RTOS mode: class=CMSIS, group=RTOS, mode=CMSIS_V1, owner=FREERTOS
2022-12-21 21:25:21,348 [INFO] RtosManager:489 - Registered RTOS mode: class=CMSIS, group=RTOS2, mode=CMSIS_V2, owner=FREERTOS
2022-12-21 21:25:21,348 [INFO] RtosManager:489 - Registered RTOS mode: class=RTOS, group=Core, mode=CMSIS_V1, owner=FREERTOS
2022-12-21 21:25:21,348 [INFO] RtosManager:489 - Registered RTOS mode: class=RTOS, group=Core, mode=CMSIS_V2, owner=FREERTOS
2022-12-21 21:25:21,348 [WARN] ModelIntegratedComponent:185 - Missing modes for component STMicroelectronics:FreeRTOS:0.0.1:STMicroelectronics:RTOS:FreeRTOS:Core:::10.2.0:
2022-12-21 21:25:21,362 [INFO] ThirdPartyModel:294 - Start build external matchings
2022-12-21 21:25:21,383 [INFO] ThirdPartyModel:310 - End build external matchings
2022-12-21 21:25:21,389 [INFO] ImportTextPane:193 - (OptionalMessage_ERROR) IP (RCC) : Parameter (RTCHSEDivFreq_Value) has invalid value (4000000)
2022-12-21 21:25:21,524 [INFO] UtilMem:74 - End LoadConfig() Used Memory: 471347024 Bytes (555745280)
2022-12-21 21:25:21,593 [WARN] ThirdParty:807 - waiting for thirdparty lock release [change project]
2022-12-21 21:25:21,593 [INFO] ThirdParty:809 - entering critical section [change project]
2022-12-21 21:25:21,593 [INFO] ThirdParty:999 - CMSIS Pack Vendor :STMicroelectronics X-CUBE-ISPU 1.1.0
2022-12-21 21:25:21,593 [INFO] ThirdParty:999 - CMSIS Pack Vendor :RoweBots I-CUBE-UNISONRTOS 5.5.0-4
2022-12-21 21:25:21,593 [INFO] ThirdParty:999 - CMSIS Pack Vendor :STMicroelectronics X-CUBE-GNSS1 6.0.0
2022-12-21 21:25:21,593 [INFO] ThirdParty:999 - CMSIS Pack Vendor :STMicroelectronics USB_HOST 2.0.0
2022-12-21 21:25:21,593 [INFO] ThirdParty:999 - CMSIS Pack Vendor :STMicroelectronics X-CUBE-AZRTOS-F4 1.1.0
2022-12-21 21:25:21,593 [INFO] ThirdParty:999 - CMSIS Pack Vendor :STMicroelectronics LIBJPEG 8.0.0
2022-12-21 21:25:21,593 [INFO] ThirdParty:999 - CMSIS Pack Vendor :STMicroelectronics X-CUBE-AZRTOS-G4 1.0.0
2022-12-21 21:25:21,593 [INFO] ThirdParty:999 - CMSIS Pack Vendor :STMicroelectronics FP-ATR-SIGFOX1 3.2.0
2022-12-21 21:25:21,593 [INFO] ThirdParty:999 - CMSIS Pack Vendor :STMicroelectronics X-CUBE-AZRTOS-L4 1.0.0
2022-12-21 21:25:21,593 [INFO] ThirdParty:999 - CMSIS Pack Vendor :STMicroelectronics USB_DEVICE 3.0.0
2022-12-21 21:25:21,593 [INFO] ThirdParty:999 - CMSIS Pack Vendor :STMicroelectronics HAL Drivers 0.0.0
2022-12-21 21:25:21,593 [INFO] ThirdParty:999 - CMSIS Pack Vendor :STMicroelectronics MBEDTLS 2.16.2
2022-12-21 21:25:21,593 [INFO] ThirdParty:999 - CMSIS Pack Vendor :STMicroelectronics MBEDTLS 2.14.1
2022-12-21 21:25:21,593 [INFO] ThirdParty:999 - CMSIS Pack Vendor :STMicroelectronics X-CUBE-NFC7 1.0.0
2022-12-21 21:25:21,593 [INFO] ThirdParty:999 - CMSIS Pack Vendor :STMicroelectronics X-CUBE-AZRTOS-WL 1.0.0
2022-12-21 21:25:21,593 [INFO] ThirdParty:999 - CMSIS Pack Vendor :STMicroelectronics X-CUBE-AZRTOS-F7 1.1.0
2022-12-21 21:25:21,593 [INFO] ThirdParty:999 - CMSIS Pack Vendor :STMicroelectronics X-CUBE-ALS 1.0.1
2022-12-21 21:25:21,593 [INFO] ThirdParty:999 - CMSIS Pack Vendor :STMicroelectronics USB_DEVICE 2.0.0
2022-12-21 21:25:21,593 [INFO] ThirdParty:999 - CMSIS Pack Vendor :STMicroelectronics X-CUBE-AI 7.3.0
2022-12-21 21:25:21,593 [INFO] ThirdParty:999 - CMSIS Pack Vendor :STMicroelectronics ThreadX 1.0.0
2022-12-21 21:25:21,593 [INFO] ThirdParty:999 - CMSIS Pack Vendor :STMicroelectronics X-CUBE-ALGOBUILD 1.3.0
2022-12-21 21:25:21,594 [INFO] ThirdParty:999 - CMSIS Pack Vendor :STMicroelectronics X-CUBE-BLE1 6.2.4
2022-12-21 21:25:21,594 [INFO] ThirdParty:999 - CMSIS Pack Vendor :STMicroelectronics FreeRTOS 0.0.1
2022-12-21 21:25:21,594 [INFO] ThirdParty:999 - CMSIS Pack Vendor :STMicroelectronics X-CUBE-AZRTOS-G0 1.1.0
2022-12-21 21:25:21,594 [INFO] ThirdParty:999 - CMSIS Pack Vendor :STMicroelectronics USB_DEVICE 1.0.0
2022-12-21 21:25:21,594 [INFO] ThirdParty:999 - CMSIS Pack Vendor :STMicroelectronics X-CUBE-SUBG2 5.0.0
2022-12-21 21:25:21,594 [INFO] ThirdParty:999 - CMSIS Pack Vendor :STMicroelectronics STM32_WPAN 1.0.0
2022-12-21 21:25:21,594 [INFO] ThirdParty:999 - CMSIS Pack Vendor :STMicroelectronics ThreadX 0.0.2
2022-12-21 21:25:21,594 [INFO] ThirdParty:999 - CMSIS Pack Vendor :STMicroelectronics lwIP 2.1.2
2022-12-21 21:25:21,594 [INFO] ThirdParty:999 - CMSIS Pack Vendor :STMicroelectronics lwIP 2.0.3
2022-12-21 21:25:21,594 [INFO] ThirdParty:999 - CMSIS Pack Vendor :STMicroelectronics X-CUBE-SFXS2LP1 4.0.0
2022-12-21 21:25:21,594 [INFO] ThirdParty:999 - CMSIS Pack Vendor :STMicroelectronics X-CUBE-NFC4 2.0.5
2022-12-21 21:25:21,594 [INFO] ThirdParty:999 - CMSIS Pack Vendor :STMicroelectronics X-CUBE-BLE2 3.3.0
2022-12-21 21:25:21,594 [INFO] ThirdParty:999 - CMSIS Pack Vendor :STMicroelectronics USB_HOST 1.0.0
2022-12-21 21:25:21,594 [INFO] ThirdParty:999 - CMSIS Pack Vendor :STMicroelectronics X-CUBE-DISPLAY 2.2.0
2022-12-21 21:25:21,594 [INFO] ThirdParty:999 - CMSIS Pack Vendor :STMicroelectronics X-CUBE-TOF1 3.2.0
2022-12-21 21:25:21,594 [INFO] ThirdParty:999 - CMSIS Pack Vendor :STMicroelectronics PDM2PCM 3.1.0
2022-12-21 21:25:21,594 [INFO] ThirdParty:999 - CMSIS Pack Vendor :STMicroelectronics FP-ATR-ASTRA1 1.1.1
2022-12-21 21:25:21,594 [INFO] ThirdParty:999 - CMSIS Pack Vendor :STMicroelectronics PDM2PCM 3.2.0
2022-12-21 21:25:21,594 [INFO] ThirdParty:999 - CMSIS Pack Vendor :STMicroelectronics PDM2PCM 3.3.0
2022-12-21 21:25:21,594 [INFO] ThirdParty:815 - exiting critical section [change project]
2022-12-21 21:25:21,820 [INFO] PinOutPanel:1477 - setPackage(No Configuration,No Configuration)
2022-12-21 21:25:21,821 [INFO] PinOutPanel:1477 - setPackage(STM32F401RETx,LQFP64)
2022-12-21 21:25:22,148 [INFO] UtilMem:74 - Before build in PCC Used Memory: 465378552 Bytes (599785472)
2022-12-21 21:25:22,556 [INFO] UtilMem:74 - After build in PCC Used Memory: 442610208 Bytes (599785472)
2022-12-21 21:25:22,571 [INFO] IPUIPlugin:79 - create IPUIPlugin
2022-12-21 21:25:22,571 [INFO] IPUIPlugin:79 - create IPUIPlugin
2022-12-21 21:25:22,572 [INFO] IPUIPlugin:79 - create IPUIPlugin
2022-12-21 21:25:22,572 [INFO] IPUIPlugin:79 - create IPUIPlugin
2022-12-21 21:25:22,572 [INFO] IPUIPlugin:79 - create IPUIPlugin
2022-12-21 21:25:22,572 [INFO] IPUIPlugin:79 - create IPUIPlugin
2022-12-21 21:25:22,572 [INFO] IPUIPlugin:79 - create IPUIPlugin
2022-12-21 21:25:22,572 [INFO] IPUIPlugin:79 - create IPUIPlugin
2022-12-21 21:25:22,572 [INFO] IPUIPlugin:79 - create IPUIPlugin
2022-12-21 21:25:22,572 [INFO] IPUIPlugin:79 - create IPUIPlugin
2022-12-21 21:25:22,572 [INFO] IPUIPlugin:79 - create IPUIPlugin
2022-12-21 21:25:22,572 [INFO] IPUIPlugin:79 - create IPUIPlugin
2022-12-21 21:25:22,572 [INFO] IPUIPlugin:79 - create IPUIPlugin
2022-12-21 21:25:22,573 [INFO] IPUIPlugin:79 - create IPUIPlugin
2022-12-21 21:25:22,573 [INFO] IPUIPlugin:79 - create IPUIPlugin
2022-12-21 21:25:22,573 [INFO] IPUIPlugin:79 - create IPUIPlugin
2022-12-21 21:25:22,573 [INFO] IPUIPlugin:79 - create IPUIPlugin
2022-12-21 21:25:22,573 [INFO] IPUIPlugin:79 - create IPUIPlugin
2022-12-21 21:25:22,573 [INFO] IPUIPlugin:79 - create IPUIPlugin
2022-12-21 21:25:22,573 [INFO] IPUIPlugin:79 - create IPUIPlugin
2022-12-21 21:25:22,573 [INFO] IPUIPlugin:79 - create IPUIPlugin
2022-12-21 21:25:22,573 [INFO] IPUIPlugin:79 - create IPUIPlugin
2022-12-21 21:25:22,573 [INFO] IPUIPlugin:79 - create IPUIPlugin
2022-12-21 21:25:22,573 [INFO] IPUIPlugin:79 - create IPUIPlugin
2022-12-21 21:25:22,574 [INFO] IPUIPlugin:79 - create IPUIPlugin
2022-12-21 21:25:22,574 [INFO] IPUIPlugin:79 - create IPUIPlugin
2022-12-21 21:25:22,574 [INFO] IPUIPlugin:79 - create IPUIPlugin
2022-12-21 21:25:22,574 [INFO] IPUIPlugin:79 - create IPUIPlugin
2022-12-21 21:25:22,574 [INFO] IPUIPlugin:79 - create IPUIPlugin
2022-12-21 21:25:22,574 [INFO] IPUIPlugin:79 - create IPUIPlugin
2022-12-21 21:25:22,574 [INFO] IPUIPlugin:79 - create IPUIPlugin
2022-12-21 21:25:22,574 [INFO] IPUIPlugin:79 - create IPUIPlugin
2022-12-21 21:25:22,574 [INFO] IPUIPlugin:79 - create IPUIPlugin
2022-12-21 21:25:22,574 [INFO] IPUIPlugin:79 - create IPUIPlugin
2022-12-21 21:25:22,575 [INFO] IPUIPlugin:79 - create IPUIPlugin
2022-12-21 21:25:22,575 [INFO] IPUIPlugin:79 - create IPUIPlugin
2022-12-21 21:25:22,575 [INFO] IPUIPlugin:79 - create IPUIPlugin
2022-12-21 21:25:22,575 [INFO] IPUIPlugin:79 - create IPUIPlugin
2022-12-21 21:25:22,609 [INFO] ApiDbMcu:505 - Load IP Config File for PDM2PCM
2022-12-21 21:25:22,751 [INFO] CADModel:164 - CPN selected for project levelSTM32F401RET6
2022-12-21 21:25:22,751 [INFO] CADModel:113 - Register for checkConnection events
2022-12-21 21:25:22,788 [INFO] OpenFileManager:327 - Restore cursor
2022-12-21 21:25:23,082 [INFO] UtilMem:74 - End SaveConfig() Used Memory: 494941752 Bytes (599785472)
2022-12-21 21:25:23,648 [INFO] ServerAccessManage:474 - Download File stm32cube_fw_f4_v1270.zip
2022-12-21 21:27:37,049 [INFO] AnalyticsPlugin:358 - Accepted License(s) without tracking enabled: [FW.F4.1.27.0]
2022-12-21 21:27:37,049 [INFO] FileExtend:239 - Unzip File : stm32cube_fw_f4_v1270.zip
2022-12-21 21:27:37,050 [INFO] FileExtend:254 - Standard Zip Deflate
2022-12-21 21:27:44,848 [INFO] ServerAccessManage:474 - Download File stm32cube_fw_f4_v1271.zip
2022-12-21 21:28:15,317 [INFO] FileExtend:239 - Unzip File : stm32cube_fw_f4_v1271.zip
2022-12-21 21:28:15,317 [INFO] FileExtend:254 - Standard Zip Deflate
2022-12-21 21:28:15,638 [INFO] LoadServerPackagesThread:190 - End of LoadServerPackages Thread
2022-12-21 21:28:15,759 [INFO] ThirdPartyModel:294 - Start build external matchings
2022-12-21 21:28:15,767 [INFO] UtilMem:74 - End SaveConfig() Used Memory: 453140104 Bytes (1073741824)
2022-12-21 21:28:15,798 [INFO] ThirdPartyModel:310 - End build external matchings
2022-12-21 21:28:15,801 [INFO] CheckServerUpdateThread:119 - End of CheckServer Thread
2022-12-21 21:28:16,197 [INFO] BlockDiagram:2759 - set Specific Code input for plugin: NVIC
2022-12-21 21:28:16,198 [INFO] BlockDiagram:2759 - set Specific Code input for plugin: USART
2022-12-21 21:28:16,198 [INFO] BlockDiagram:2759 - set Specific Code input for plugin: SYS
2022-12-21 21:28:16,198 [INFO] BlockDiagram:2759 - set Specific Code input for plugin: GPIO
2022-12-21 21:28:16,198 [INFO] BlockDiagram:2759 - set Specific Code input for plugin: RCC
2022-12-21 21:28:16,199 [INFO] CodeGenerator:692 - code generatio: config db path: /opt/st/stm32cubeide_1.11.0/plugins/com.st.stm32cube.common.mx_6.7.0.202211181646//db/
2022-12-21 21:28:16,464 [INFO] CodeEngine:247 - oldGeneratedFile, /home/vishnu/Documents/6.Embedded_C_files/target/example2/MXTmpFiles/license.tmp_save
2022-12-21 21:28:16,773 [INFO] CodeEngine:271 - Generated code: /home/vishnu/Documents/6.Embedded_C_files/target/example2/MXTmpFiles/license.tmp
2022-12-21 21:28:16,805 [INFO] CodeEngine:247 - oldGeneratedFile, /home/vishnu/Documents/6.Embedded_C_files/target/example2/MXTmpFiles/gpio.tmp_save
2022-12-21 21:28:16,920 [INFO] CodeEngine:271 - Generated code: /home/vishnu/Documents/6.Embedded_C_files/target/example2/MXTmpFiles/gpio.tmp
2022-12-21 21:28:16,985 [INFO] CodeEngine:247 - oldGeneratedFile, /home/vishnu/Documents/6.Embedded_C_files/target/example2/Core/Src/stm32f4xx_it.c_save
2022-12-21 21:28:17,094 [INFO] CodeEngine:271 - Generated code: /home/vishnu/Documents/6.Embedded_C_files/target/example2/Core/Src/stm32f4xx_it.c
2022-12-21 21:28:17,104 [INFO] CodeEngine:247 - oldGeneratedFile, /home/vishnu/Documents/6.Embedded_C_files/target/example2/Core/Inc/stm32f4xx_it.h_save
2022-12-21 21:28:17,173 [INFO] CodeEngine:271 - Generated code: /home/vishnu/Documents/6.Embedded_C_files/target/example2/Core/Inc/stm32f4xx_it.h
2022-12-21 21:28:17,177 [INFO] CodeEngine:247 - oldGeneratedFile, /home/vishnu/Documents/6.Embedded_C_files/target/example2/Core/Src/stm32f4xx_hal_msp.c_save
2022-12-21 21:28:17,288 [INFO] CodeEngine:271 - Generated code: /home/vishnu/Documents/6.Embedded_C_files/target/example2/Core/Src/stm32f4xx_hal_msp.c
2022-12-21 21:28:17,297 [INFO] CodeEngine:247 - oldGeneratedFile, /home/vishnu/Documents/6.Embedded_C_files/target/example2/MXTmpFiles/system.tmp_save
2022-12-21 21:28:17,361 [INFO] CodeEngine:271 - Generated code: /home/vishnu/Documents/6.Embedded_C_files/target/example2/MXTmpFiles/system.tmp
2022-12-21 21:28:17,364 [INFO] CodeEngine:303 - oldGeneratedFile, /home/vishnu/Documents/6.Embedded_C_files/target/example2/Core/Inc/stm32f4xx_hal_conf.h_save
2022-12-21 21:28:17,441 [INFO] CodeEngine:327 - Generated code: /home/vishnu/Documents/6.Embedded_C_files/target/example2/Core/Inc/stm32f4xx_hal_conf.h
2022-12-21 21:28:17,487 [INFO] CodeEngine:247 - oldGeneratedFile, /home/vishnu/Documents/6.Embedded_C_files/target/example2/Core/Inc/main.h_save
2022-12-21 21:28:17,570 [INFO] CodeEngine:271 - Generated code: /home/vishnu/Documents/6.Embedded_C_files/target/example2/Core/Inc/main.h
2022-12-21 21:28:17,571 [INFO] CodeEngine:247 - oldGeneratedFile, /home/vishnu/Documents/6.Embedded_C_files/target/example2/Core/Src/main.c_save
2022-12-21 21:28:17,697 [INFO] CodeEngine:271 - Generated code: /home/vishnu/Documents/6.Embedded_C_files/target/example2/Core/Src/main.c
2022-12-21 21:28:18,065 [INFO] ProjectBuilder:2919 - Time for Copy HAL[1] : 18mS.
2022-12-21 21:28:18,077 [INFO] ProjectBuilder:4183 - Project Generator version: 3.18.0-B7
2022-12-21 21:28:18,353 [INFO] ConfigFileManager:1396 - The Die is : DIE433
2022-12-21 21:28:18,366 [INFO] ApiDbMcu:505 - Load IP Config File for FATFS
2022-12-21 21:28:18,371 [INFO] ApiDbMcu:505 - Load IP Config File for FREERTOS
2022-12-21 21:28:18,372 [INFO] ApiDbMcu:505 - Load IP Config File for LIBJPEG
2022-12-21 21:28:18,375 [INFO] ApiDbMcu:505 - Load IP Config File for MBEDTLS
2022-12-21 21:28:18,380 [INFO] ApiDbMcu:505 - Load IP Config File for USB_DEVICE
2022-12-21 21:28:18,383 [INFO] ApiDbMcu:505 - Load IP Config File for USB_HOST
2022-12-21 21:28:20,861 [INFO] ProjectBuilder:4351 - Time for Generating toolchain IDE Files: 2784mS.
2022-12-21 21:28:20,862 [INFO] ProjectBuilder:2790 - Time for Copy CMSIS : 0mS.
2022-12-21 21:28:20,863 [INFO] ProjectBuilder:2790 - Time for Copy CMSIS : 0mS.
2022-12-21 21:28:21,127 [INFO] McuFinderGlobals:65 - Set McuFinderConnectedMode to true
2022-12-21 21:28:21,130 [INFO] ApiDb:447 - Save user favorites file /home/vishnu/.stm32cubeide/favorites.mcus.txt: 0 item(s)
2022-12-21 21:28:21,130 [INFO] ApiDb:451 - User favorites MCUs=[]
2022-12-21 21:28:21,131 [INFO] ApiDb:447 - Save user favorites file /home/vishnu/.stm32cubeide/favorites.boards.txt: 0 item(s)
2022-12-21 21:28:21,132 [INFO] ApiDb:451 - User favorites Boards=[]
